{"C:\\Users\\Dani\\Desktop\\group-royalflush\\server\\src\\app.ts": {"path":"C:\\Users\\Dani\\Desktop\\group-royalflush\\server\\src\\app.ts","statementMap":{"0":{"start":{"line":1,"column":0},"end":{"line":1,"column":30}},"1":{"start":{"line":2,"column":0},"end":{"line":2,"column":24}},"2":{"start":{"line":3,"column":0},"end":{"line":3,"column":43}},"3":{"start":{"line":4,"column":0},"end":{"line":4,"column":24}},"4":{"start":{"line":5,"column":0},"end":{"line":5,"column":53}},"5":{"start":{"line":6,"column":0},"end":{"line":6,"column":58}},"6":{"start":{"line":7,"column":0},"end":{"line":7,"column":47}},"7":{"start":{"line":8,"column":0},"end":{"line":8,"column":49}},"8":{"start":{"line":9,"column":0},"end":{"line":9,"column":56}},"9":{"start":{"line":10,"column":0},"end":{"line":10,"column":48}},"10":{"start":{"line":12,"column":12},"end":{"line":12,"column":21}},"11":{"start":{"line":14,"column":0},"end":{"line":14,"column":16}},"12":{"start":{"line":15,"column":0},"end":{"line":15,"column":68}},"13":{"start":{"line":16,"column":0},"end":{"line":16,"column":24}},"14":{"start":{"line":17,"column":0},"end":{"line":17,"column":59}},"15":{"start":{"line":18,"column":0},"end":{"line":18,"column":23}},"16":{"start":{"line":20,"column":0},"end":{"line":20,"column":25}},"17":{"start":{"line":21,"column":0},"end":{"line":21,"column":43}},"18":{"start":{"line":22,"column":0},"end":{"line":22,"column":35}},"19":{"start":{"line":24,"column":0},"end":{"line":24,"column":22}},"20":{"start":{"line":26,"column":0},"end":{"line":26,"column":19}}},"fnMap":{},"branchMap":{},"s":{"0":3,"1":3,"2":3,"3":3,"4":3,"5":3,"6":3,"7":3,"8":3,"9":3,"10":3,"11":3,"12":3,"13":3,"14":3,"15":3,"16":3,"17":3,"18":3,"19":3,"20":3},"f":{},"b":{}}
,"C:\\Users\\Dani\\Desktop\\group-royalflush\\server\\src\\controllers\\blackjack.controller.ts": {"path":"C:\\Users\\Dani\\Desktop\\group-royalflush\\server\\src\\controllers\\blackjack.controller.ts","statementMap":{"0":{"start":{"line":28,"column":0},"end":{"line":28,"column":7}},"1":{"start":{"line":84,"column":0},"end":{"line":84,"column":7}},"2":{"start":{"line":2,"column":0},"end":{"line":2,"column":42}},"3":{"start":{"line":4,"column":23},"end":{"line":11,"column":2}},"4":{"start":{"line":15,"column":2},"end":{"line":17,"column":3}},"5":{"start":{"line":16,"column":4},"end":{"line":16,"column":39}},"6":{"start":{"line":18,"column":2},"end":{"line":20,"column":3}},"7":{"start":{"line":19,"column":4},"end":{"line":19,"column":19}},"8":{"start":{"line":21,"column":2},"end":{"line":23,"column":3}},"9":{"start":{"line":22,"column":4},"end":{"line":22,"column":15}},"10":{"start":{"line":24,"column":2},"end":{"line":24,"column":11}},"11":{"start":{"line":29,"column":2},"end":{"line":81,"column":3}},"12":{"start":{"line":30,"column":19},"end":{"line":30,"column":29}},"13":{"start":{"line":31,"column":4},"end":{"line":33,"column":5}},"14":{"start":{"line":32,"column":6},"end":{"line":32,"column":64}},"15":{"start":{"line":35,"column":19},"end":{"line":35,"column":50}},"16":{"start":{"line":36,"column":25},"end":{"line":36,"column":87}},"17":{"start":{"line":37,"column":22},"end":{"line":37,"column":85}},"18":{"start":{"line":38,"column":4},"end":{"line":40,"column":5}},"19":{"start":{"line":39,"column":6},"end":{"line":39,"column":73}},"20":{"start":{"line":42,"column":20},"end":{"line":67,"column":6}},"21":{"start":{"line":43,"column":19},"end":{"line":43,"column":70}},"22":{"start":{"line":44,"column":6},"end":{"line":46,"column":7}},"23":{"start":{"line":45,"column":8},"end":{"line":45,"column":42}},"24":{"start":{"line":47,"column":6},"end":{"line":49,"column":7}},"25":{"start":{"line":48,"column":8},"end":{"line":48,"column":46}},"26":{"start":{"line":50,"column":26},"end":{"line":54,"column":8}},"27":{"start":{"line":56,"column":6},"end":{"line":64,"column":9}},"28":{"start":{"line":66,"column":6},"end":{"line":66,"column":25}},"29":{"start":{"line":69,"column":4},"end":{"line":69,"column":62}},"30":{"start":{"line":71,"column":4},"end":{"line":78,"column":5}},"31":{"start":{"line":72,"column":6},"end":{"line":74,"column":7}},"32":{"start":{"line":73,"column":8},"end":{"line":73,"column":68}},"33":{"start":{"line":75,"column":6},"end":{"line":77,"column":7}},"34":{"start":{"line":76,"column":8},"end":{"line":76,"column":74}},"35":{"start":{"line":79,"column":4},"end":{"line":79,"column":23}},"36":{"start":{"line":80,"column":4},"end":{"line":80,"column":61}},"37":{"start":{"line":85,"column":2},"end":{"line":185,"column":3}},"38":{"start":{"line":86,"column":19},"end":{"line":86,"column":29}},"39":{"start":{"line":87,"column":4},"end":{"line":89,"column":5}},"40":{"start":{"line":88,"column":6},"end":{"line":88,"column":64}},"41":{"start":{"line":91,"column":88},"end":{"line":91,"column":102}},"42":{"start":{"line":93,"column":22},"end":{"line":93,"column":33}},"43":{"start":{"line":94,"column":31},"end":{"line":94,"column":56}},"44":{"start":{"line":95,"column":19},"end":{"line":95,"column":50}},"45":{"start":{"line":96,"column":19},"end":{"line":96,"column":50}},"46":{"start":{"line":97,"column":22},"end":{"line":97,"column":69}},"47":{"start":{"line":98,"column":21},"end":{"line":98,"column":48}},"48":{"start":{"line":100,"column":4},"end":{"line":102,"column":5}},"49":{"start":{"line":101,"column":6},"end":{"line":101,"column":62}},"50":{"start":{"line":103,"column":4},"end":{"line":105,"column":5}},"51":{"start":{"line":104,"column":6},"end":{"line":104,"column":65}},"52":{"start":{"line":106,"column":4},"end":{"line":108,"column":5}},"53":{"start":{"line":107,"column":6},"end":{"line":107,"column":66}},"54":{"start":{"line":109,"column":4},"end":{"line":111,"column":5}},"55":{"start":{"line":110,"column":6},"end":{"line":110,"column":67}},"56":{"start":{"line":112,"column":4},"end":{"line":114,"column":5}},"57":{"start":{"line":113,"column":6},"end":{"line":113,"column":91}},"58":{"start":{"line":116,"column":19},"end":{"line":116,"column":54}},"59":{"start":{"line":117,"column":28},"end":{"line":117,"column":91}},"60":{"start":{"line":119,"column":22},"end":{"line":172,"column":6}},"61":{"start":{"line":120,"column":25},"end":{"line":123,"column":8}},"62":{"start":{"line":124,"column":6},"end":{"line":126,"column":7}},"63":{"start":{"line":125,"column":8},"end":{"line":125,"column":42}},"64":{"start":{"line":128,"column":6},"end":{"line":136,"column":9}},"65":{"start":{"line":138,"column":6},"end":{"line":169,"column":7}},"66":{"start":{"line":139,"column":28},"end":{"line":143,"column":10}},"67":{"start":{"line":145,"column":8},"end":{"line":155,"column":9}},"68":{"start":{"line":146,"column":10},"end":{"line":154,"column":13}},"69":{"start":{"line":156,"column":8},"end":{"line":166,"column":9}},"70":{"start":{"line":157,"column":10},"end":{"line":165,"column":13}},"71":{"start":{"line":168,"column":8},"end":{"line":168,"column":27}},"72":{"start":{"line":171,"column":6},"end":{"line":171,"column":24}},"73":{"start":{"line":174,"column":4},"end":{"line":176,"column":5}},"74":{"start":{"line":175,"column":6},"end":{"line":175,"column":72}},"75":{"start":{"line":178,"column":4},"end":{"line":181,"column":7}},"76":{"start":{"line":183,"column":4},"end":{"line":183,"column":23}},"77":{"start":{"line":184,"column":4},"end":{"line":184,"column":61}}},"fnMap":{"0":{"name":"payoutCredits","decl":{"start":{"line":14,"column":9},"end":{"line":14,"column":22}},"loc":{"start":{"line":14,"column":50},"end":{"line":25,"column":1}}},"1":{"name":"stakeBlackjack","decl":{"start":{"line":28,"column":22},"end":{"line":28,"column":36}},"loc":{"start":{"line":28,"column":64},"end":{"line":82,"column":1}}},"2":{"name":"(anonymous_2)","decl":{"start":{"line":42,"column":46},"end":{"line":42,"column":51}},"loc":{"start":{"line":42,"column":59},"end":{"line":67,"column":5}}},"3":{"name":"saveBlackjackGame","decl":{"start":{"line":84,"column":22},"end":{"line":84,"column":39}},"loc":{"start":{"line":84,"column":67},"end":{"line":186,"column":1}}},"4":{"name":"(anonymous_4)","decl":{"start":{"line":119,"column":48},"end":{"line":119,"column":53}},"loc":{"start":{"line":119,"column":61},"end":{"line":172,"column":5}}}},"branchMap":{"0":{"loc":{"start":{"line":15,"column":2},"end":{"line":17,"column":3}},"type":"if","locations":[{"start":{"line":15,"column":2},"end":{"line":17,"column":3}},{"start":{},"end":{}}]},"1":{"loc":{"start":{"line":18,"column":2},"end":{"line":20,"column":3}},"type":"if","locations":[{"start":{"line":18,"column":2},"end":{"line":20,"column":3}},{"start":{},"end":{}}]},"2":{"loc":{"start":{"line":18,"column":6},"end":{"line":18,"column":58}},"type":"binary-expr","locations":[{"start":{"line":18,"column":6},"end":{"line":18,"column":30}},{"start":{"line":18,"column":34},"end":{"line":18,"column":58}}]},"3":{"loc":{"start":{"line":21,"column":2},"end":{"line":23,"column":3}},"type":"if","locations":[{"start":{"line":21,"column":2},"end":{"line":23,"column":3}},{"start":{},"end":{}}]},"4":{"loc":{"start":{"line":31,"column":4},"end":{"line":33,"column":5}},"type":"if","locations":[{"start":{"line":31,"column":4},"end":{"line":33,"column":5}},{"start":{},"end":{}}]},"5":{"loc":{"start":{"line":35,"column":27},"end":{"line":35,"column":41}},"type":"binary-expr","locations":[{"start":{"line":35,"column":27},"end":{"line":35,"column":35}},{"start":{"line":35,"column":39},"end":{"line":35,"column":41}}]},"6":{"loc":{"start":{"line":36,"column":32},"end":{"line":36,"column":72}},"type":"binary-expr","locations":[{"start":{"line":36,"column":32},"end":{"line":36,"column":58}},{"start":{"line":36,"column":62},"end":{"line":36,"column":72}}]},"7":{"loc":{"start":{"line":36,"column":33},"end":{"line":36,"column":47}},"type":"binary-expr","locations":[{"start":{"line":36,"column":33},"end":{"line":36,"column":41}},{"start":{"line":36,"column":45},"end":{"line":36,"column":47}}]},"8":{"loc":{"start":{"line":37,"column":22},"end":{"line":37,"column":85}},"type":"cond-expr","locations":[{"start":{"line":37,"column":57},"end":{"line":37,"column":72}},{"start":{"line":37,"column":75},"end":{"line":37,"column":85}}]},"9":{"loc":{"start":{"line":38,"column":4},"end":{"line":40,"column":5}},"type":"if","locations":[{"start":{"line":38,"column":4},"end":{"line":40,"column":5}},{"start":{},"end":{}}]},"10":{"loc":{"start":{"line":38,"column":8},"end":{"line":38,"column":47}},"type":"binary-expr","locations":[{"start":{"line":38,"column":8},"end":{"line":38,"column":32}},{"start":{"line":38,"column":36},"end":{"line":38,"column":47}}]},"11":{"loc":{"start":{"line":44,"column":6},"end":{"line":46,"column":7}},"type":"if","locations":[{"start":{"line":44,"column":6},"end":{"line":46,"column":7}},{"start":{},"end":{}}]},"12":{"loc":{"start":{"line":47,"column":6},"end":{"line":49,"column":7}},"type":"if","locations":[{"start":{"line":47,"column":6},"end":{"line":49,"column":7}},{"start":{},"end":{}}]},"13":{"loc":{"start":{"line":60,"column":16},"end":{"line":60,"column":91}},"type":"cond-expr","locations":[{"start":{"line":60,"column":48},"end":{"line":60,"column":73}},{"start":{"line":60,"column":76},"end":{"line":60,"column":91}}]},"14":{"loc":{"start":{"line":71,"column":4},"end":{"line":78,"column":5}},"type":"if","locations":[{"start":{"line":71,"column":4},"end":{"line":78,"column":5}},{"start":{},"end":{}}]},"15":{"loc":{"start":{"line":72,"column":6},"end":{"line":74,"column":7}},"type":"if","locations":[{"start":{"line":72,"column":6},"end":{"line":74,"column":7}},{"start":{},"end":{}}]},"16":{"loc":{"start":{"line":75,"column":6},"end":{"line":77,"column":7}},"type":"if","locations":[{"start":{"line":75,"column":6},"end":{"line":77,"column":7}},{"start":{},"end":{}}]},"17":{"loc":{"start":{"line":87,"column":4},"end":{"line":89,"column":5}},"type":"if","locations":[{"start":{"line":87,"column":4},"end":{"line":89,"column":5}},{"start":{},"end":{}}]},"18":{"loc":{"start":{"line":91,"column":88},"end":{"line":91,"column":102}},"type":"binary-expr","locations":[{"start":{"line":91,"column":88},"end":{"line":91,"column":96}},{"start":{"line":91,"column":100},"end":{"line":91,"column":102}}]},"19":{"loc":{"start":{"line":94,"column":38},"end":{"line":94,"column":55}},"type":"binary-expr","locations":[{"start":{"line":94,"column":38},"end":{"line":94,"column":50}},{"start":{"line":94,"column":54},"end":{"line":94,"column":55}}]},"20":{"loc":{"start":{"line":97,"column":22},"end":{"line":97,"column":69}},"type":"cond-expr","locations":[{"start":{"line":97,"column":51},"end":{"line":97,"column":64}},{"start":{"line":97,"column":67},"end":{"line":97,"column":69}}]},"21":{"loc":{"start":{"line":100,"column":4},"end":{"line":102,"column":5}},"type":"if","locations":[{"start":{"line":100,"column":4},"end":{"line":102,"column":5}},{"start":{},"end":{}}]},"22":{"loc":{"start":{"line":100,"column":8},"end":{"line":100,"column":53}},"type":"binary-expr","locations":[{"start":{"line":100,"column":8},"end":{"line":100,"column":35}},{"start":{"line":100,"column":39},"end":{"line":100,"column":53}}]},"23":{"loc":{"start":{"line":103,"column":4},"end":{"line":105,"column":5}},"type":"if","locations":[{"start":{"line":103,"column":4},"end":{"line":105,"column":5}},{"start":{},"end":{}}]},"24":{"loc":{"start":{"line":103,"column":8},"end":{"line":103,"column":60}},"type":"binary-expr","locations":[{"start":{"line":103,"column":8},"end":{"line":103,"column":32}},{"start":{"line":103,"column":36},"end":{"line":103,"column":60}}]},"25":{"loc":{"start":{"line":106,"column":4},"end":{"line":108,"column":5}},"type":"if","locations":[{"start":{"line":106,"column":4},"end":{"line":108,"column":5}},{"start":{},"end":{}}]},"26":{"loc":{"start":{"line":109,"column":4},"end":{"line":111,"column":5}},"type":"if","locations":[{"start":{"line":109,"column":4},"end":{"line":111,"column":5}},{"start":{},"end":{}}]},"27":{"loc":{"start":{"line":109,"column":8},"end":{"line":109,"column":70}},"type":"binary-expr","locations":[{"start":{"line":109,"column":8},"end":{"line":109,"column":44}},{"start":{"line":109,"column":48},"end":{"line":109,"column":70}}]},"28":{"loc":{"start":{"line":112,"column":4},"end":{"line":114,"column":5}},"type":"if","locations":[{"start":{"line":112,"column":4},"end":{"line":114,"column":5}},{"start":{},"end":{}}]},"29":{"loc":{"start":{"line":117,"column":28},"end":{"line":117,"column":91}},"type":"cond-expr","locations":[{"start":{"line":117,"column":65},"end":{"line":117,"column":87}},{"start":{"line":117,"column":90},"end":{"line":117,"column":91}}]},"30":{"loc":{"start":{"line":117,"column":28},"end":{"line":117,"column":62}},"type":"binary-expr","locations":[{"start":{"line":117,"column":28},"end":{"line":117,"column":36}},{"start":{"line":117,"column":40},"end":{"line":117,"column":62}}]},"31":{"loc":{"start":{"line":124,"column":6},"end":{"line":126,"column":7}},"type":"if","locations":[{"start":{"line":124,"column":6},"end":{"line":126,"column":7}},{"start":{},"end":{}}]},"32":{"loc":{"start":{"line":138,"column":6},"end":{"line":169,"column":7}},"type":"if","locations":[{"start":{"line":138,"column":6},"end":{"line":169,"column":7}},{"start":{},"end":{}}]},"33":{"loc":{"start":{"line":138,"column":10},"end":{"line":138,"column":43}},"type":"binary-expr","locations":[{"start":{"line":138,"column":10},"end":{"line":138,"column":20}},{"start":{"line":138,"column":24},"end":{"line":138,"column":43}}]},"34":{"loc":{"start":{"line":145,"column":8},"end":{"line":155,"column":9}},"type":"if","locations":[{"start":{"line":145,"column":8},"end":{"line":155,"column":9}},{"start":{},"end":{}}]},"35":{"loc":{"start":{"line":156,"column":8},"end":{"line":166,"column":9}},"type":"if","locations":[{"start":{"line":156,"column":8},"end":{"line":166,"column":9}},{"start":{},"end":{}}]},"36":{"loc":{"start":{"line":174,"column":4},"end":{"line":176,"column":5}},"type":"if","locations":[{"start":{"line":174,"column":4},"end":{"line":176,"column":5}},{"start":{},"end":{}}]}},"s":{"0":4,"1":4,"2":4,"3":4,"4":2,"5":0,"6":2,"7":1,"8":1,"9":1,"10":0,"11":5,"12":5,"13":5,"14":1,"15":4,"16":4,"17":4,"18":4,"19":1,"20":3,"21":0,"22":0,"23":0,"24":0,"25":0,"26":0,"27":0,"28":0,"29":1,"30":2,"31":2,"32":1,"33":1,"34":1,"35":0,"36":0,"37":5,"38":5,"39":5,"40":0,"41":5,"42":5,"43":5,"44":5,"45":5,"46":5,"47":5,"48":5,"49":0,"50":5,"51":1,"52":4,"53":1,"54":3,"55":0,"56":3,"57":1,"58":2,"59":2,"60":2,"61":0,"62":0,"63":0,"64":0,"65":0,"66":0,"67":0,"68":0,"69":0,"70":0,"71":0,"72":0,"73":2,"74":0,"75":2,"76":0,"77":0},"f":{"0":2,"1":5,"2":0,"3":5,"4":0},"b":{"0":[0,2],"1":[1,1],"2":[2,1],"3":[1,0],"4":[1,4],"5":[4,0],"6":[4,4],"7":[4,0],"8":[0,4],"9":[1,3],"10":[4,4],"11":[0,0],"12":[0,0],"13":[0,0],"14":[2,0],"15":[1,1],"16":[1,0],"17":[0,5],"18":[5,0],"19":[5,2],"20":[5,0],"21":[0,5],"22":[5,5],"23":[1,4],"24":[5,4],"25":[1,3],"26":[0,3],"27":[3,3],"28":[1,2],"29":[0,2],"30":[2,0],"31":[0,0],"32":[0,0],"33":[0,0],"34":[0,0],"35":[0,0],"36":[0,2]}}
,"C:\\Users\\Dani\\Desktop\\group-royalflush\\server\\src\\middleware\\requireAdmin.ts": {"path":"C:\\Users\\Dani\\Desktop\\group-royalflush\\server\\src\\middleware\\requireAdmin.ts","statementMap":{"0":{"start":{"line":4,"column":0},"end":{"line":4,"column":7}},"1":{"start":{"line":2,"column":0},"end":{"line":2,"column":42}},"2":{"start":{"line":5,"column":2},"end":{"line":28,"column":3}},"3":{"start":{"line":6,"column":19},"end":{"line":6,"column":29}},"4":{"start":{"line":7,"column":4},"end":{"line":9,"column":5}},"5":{"start":{"line":8,"column":6},"end":{"line":8,"column":73}},"6":{"start":{"line":11,"column":17},"end":{"line":14,"column":6}},"7":{"start":{"line":16,"column":4},"end":{"line":18,"column":5}},"8":{"start":{"line":17,"column":6},"end":{"line":17,"column":72}},"9":{"start":{"line":20,"column":4},"end":{"line":22,"column":5}},"10":{"start":{"line":21,"column":6},"end":{"line":21,"column":76}},"11":{"start":{"line":24,"column":4},"end":{"line":24,"column":18}},"12":{"start":{"line":26,"column":4},"end":{"line":26,"column":23}},"13":{"start":{"line":27,"column":4},"end":{"line":27,"column":61}}},"fnMap":{"0":{"name":"requireAdmin","decl":{"start":{"line":4,"column":22},"end":{"line":4,"column":34}},"loc":{"start":{"line":4,"column":82},"end":{"line":29,"column":1}}}},"branchMap":{"0":{"loc":{"start":{"line":7,"column":4},"end":{"line":9,"column":5}},"type":"if","locations":[{"start":{"line":7,"column":4},"end":{"line":9,"column":5}},{"start":{},"end":{}}]},"1":{"loc":{"start":{"line":16,"column":4},"end":{"line":18,"column":5}},"type":"if","locations":[{"start":{"line":16,"column":4},"end":{"line":18,"column":5}},{"start":{},"end":{}}]},"2":{"loc":{"start":{"line":20,"column":4},"end":{"line":22,"column":5}},"type":"if","locations":[{"start":{"line":20,"column":4},"end":{"line":22,"column":5}},{"start":{},"end":{}}]}},"s":{"0":2,"1":2,"2":0,"3":0,"4":0,"5":0,"6":0,"7":0,"8":0,"9":0,"10":0,"11":0,"12":0,"13":0},"f":{"0":0},"b":{"0":[0,0],"1":[0,0],"2":[0,0]}}
,"C:\\Users\\Dani\\Desktop\\group-royalflush\\server\\src\\middlewares\\errorHandler.ts": {"path":"C:\\Users\\Dani\\Desktop\\group-royalflush\\server\\src\\middlewares\\errorHandler.ts","statementMap":{"0":{"start":{"line":3,"column":0},"end":{"line":3,"column":16}},"1":{"start":{"line":4,"column":4},"end":{"line":4,"column":23}},"2":{"start":{"line":6,"column":19},"end":{"line":6,"column":36}},"3":{"start":{"line":9,"column":20},"end":{"line":9,"column":58}},"4":{"start":{"line":12,"column":4},"end":{"line":14,"column":5}}},"fnMap":{"0":{"name":"errorHandler","decl":{"start":{"line":3,"column":16},"end":{"line":3,"column":28}},"loc":{"start":{"line":3,"column":88},"end":{"line":15,"column":1}}}},"branchMap":{"0":{"loc":{"start":{"line":6,"column":19},"end":{"line":6,"column":36}},"type":"binary-expr","locations":[{"start":{"line":6,"column":19},"end":{"line":6,"column":29}},{"start":{"line":6,"column":33},"end":{"line":6,"column":36}}]},"1":{"loc":{"start":{"line":9,"column":20},"end":{"line":9,"column":58}},"type":"binary-expr","locations":[{"start":{"line":9,"column":20},"end":{"line":9,"column":31}},{"start":{"line":9,"column":35},"end":{"line":9,"column":58}}]}},"s":{"0":3,"1":0,"2":0,"3":0,"4":0},"f":{"0":0},"b":{"0":[0,0],"1":[0,0]}}
,"C:\\Users\\Dani\\Desktop\\group-royalflush\\server\\src\\middlewares\\logger.ts": {"path":"C:\\Users\\Dani\\Desktop\\group-royalflush\\server\\src\\middlewares\\logger.ts","statementMap":{"0":{"start":{"line":3,"column":29},"end":{"line":6,"column":1}},"1":{"start":{"line":4,"column":0},"end":{"line":4,"column":70}},"2":{"start":{"line":5,"column":0},"end":{"line":5,"column":7}},"3":{"start":{"line":3,"column":13},"end":{"line":3,"column":29}}},"fnMap":{"0":{"name":"(anonymous_0)","decl":{"start":{"line":3,"column":29},"end":{"line":3,"column":30}},"loc":{"start":{"line":3,"column":81},"end":{"line":6,"column":1}}}},"branchMap":{},"s":{"0":3,"1":19,"2":19,"3":3},"f":{"0":19},"b":{}}
,"C:\\Users\\Dani\\Desktop\\group-royalflush\\server\\src\\patterns\\adminActionObserver.ts": {"path":"C:\\Users\\Dani\\Desktop\\group-royalflush\\server\\src\\patterns\\adminActionObserver.ts","statementMap":{"0":{"start":{"line":22,"column":45},"end":{"line":22,"column":47}},"1":{"start":{"line":25,"column":4},"end":{"line":25,"column":34}},"2":{"start":{"line":29,"column":4},"end":{"line":31,"column":5}},"3":{"start":{"line":30,"column":6},"end":{"line":30,"column":36}},"4":{"start":{"line":21,"column":0},"end":{"line":21,"column":13}},"5":{"start":{"line":37,"column":4},"end":{"line":37,"column":57}},"6":{"start":{"line":41,"column":13},"end":{"line":41,"column":61}},"7":{"start":{"line":42,"column":0},"end":{"line":42,"column":64}}},"fnMap":{"0":{"name":"(anonymous_0)","decl":{"start":{"line":24,"column":2},"end":{"line":24,"column":11}},"loc":{"start":{"line":24,"column":41},"end":{"line":26,"column":3}}},"1":{"name":"(anonymous_1)","decl":{"start":{"line":28,"column":2},"end":{"line":28,"column":8}},"loc":{"start":{"line":28,"column":32},"end":{"line":32,"column":3}}},"2":{"name":"(anonymous_2)","decl":{"start":{"line":36,"column":2},"end":{"line":36,"column":15}},"loc":{"start":{"line":36,"column":39},"end":{"line":38,"column":3}}}},"branchMap":{},"s":{"0":3,"1":3,"2":1,"3":1,"4":3,"5":1,"6":3,"7":3},"f":{"0":3,"1":1,"2":1},"b":{}}
,"C:\\Users\\Dani\\Desktop\\group-royalflush\\server\\src\\routes\\admin.routes.ts": {"path":"C:\\Users\\Dani\\Desktop\\group-royalflush\\server\\src\\routes\\admin.routes.ts","statementMap":{"0":{"start":{"line":1,"column":0},"end":{"line":1,"column":33}},"1":{"start":{"line":2,"column":0},"end":{"line":2,"column":42}},"2":{"start":{"line":3,"column":0},"end":{"line":3,"column":67}},"3":{"start":{"line":4,"column":0},"end":{"line":4,"column":58}},"4":{"start":{"line":5,"column":0},"end":{"line":5,"column":70}},"5":{"start":{"line":7,"column":15},"end":{"line":7,"column":23}},"6":{"start":{"line":9,"column":0},"end":{"line":9,"column":50}},"7":{"start":{"line":12,"column":13},"end":{"line":12,"column":24}},"8":{"start":{"line":13,"column":2},"end":{"line":15,"column":3}},"9":{"start":{"line":14,"column":4},"end":{"line":14,"column":16}},"10":{"start":{"line":16,"column":2},"end":{"line":16,"column":12}},"11":{"start":{"line":19,"column":0},"end":{"line":39,"column":3}},"12":{"start":{"line":20,"column":2},"end":{"line":38,"column":3}},"13":{"start":{"line":21,"column":18},"end":{"line":32,"column":6}},"14":{"start":{"line":34,"column":4},"end":{"line":34,"column":39}},"15":{"start":{"line":36,"column":4},"end":{"line":36,"column":23}},"16":{"start":{"line":37,"column":4},"end":{"line":37,"column":61}},"17":{"start":{"line":41,"column":0},"end":{"line":66,"column":3}},"18":{"start":{"line":42,"column":2},"end":{"line":65,"column":3}},"19":{"start":{"line":43,"column":16},"end":{"line":43,"column":68}},"20":{"start":{"line":44,"column":21},"end":{"line":44,"column":50}},"21":{"start":{"line":45,"column":18},"end":{"line":45,"column":91}},"22":{"start":{"line":47,"column":25},"end":{"line":59,"column":6}},"23":{"start":{"line":61,"column":4},"end":{"line":61,"column":46}},"24":{"start":{"line":63,"column":4},"end":{"line":63,"column":23}},"25":{"start":{"line":64,"column":4},"end":{"line":64,"column":61}},"26":{"start":{"line":68,"column":0},"end":{"line":90,"column":3}},"27":{"start":{"line":69,"column":2},"end":{"line":89,"column":3}},"28":{"start":{"line":70,"column":25},"end":{"line":70,"column":47}},"29":{"start":{"line":71,"column":4},"end":{"line":73,"column":5}},"30":{"start":{"line":72,"column":6},"end":{"line":72,"column":72}},"31":{"start":{"line":75,"column":17},"end":{"line":75,"column":100}},"32":{"start":{"line":76,"column":4},"end":{"line":78,"column":5}},"33":{"start":{"line":77,"column":6},"end":{"line":77,"column":72}},"34":{"start":{"line":80,"column":25},"end":{"line":83,"column":6}},"35":{"start":{"line":85,"column":4},"end":{"line":85,"column":46}},"36":{"start":{"line":87,"column":4},"end":{"line":87,"column":23}},"37":{"start":{"line":88,"column":4},"end":{"line":88,"column":61}},"38":{"start":{"line":92,"column":0},"end":{"line":123,"column":3}},"39":{"start":{"line":93,"column":2},"end":{"line":122,"column":3}},"40":{"start":{"line":94,"column":25},"end":{"line":94,"column":47}},"41":{"start":{"line":95,"column":4},"end":{"line":97,"column":5}},"42":{"start":{"line":96,"column":6},"end":{"line":96,"column":72}},"43":{"start":{"line":99,"column":17},"end":{"line":102,"column":6}},"44":{"start":{"line":103,"column":4},"end":{"line":105,"column":5}},"45":{"start":{"line":104,"column":6},"end":{"line":104,"column":72}},"46":{"start":{"line":107,"column":44},"end":{"line":116,"column":6}},"47":{"start":{"line":118,"column":4},"end":{"line":118,"column":67}},"48":{"start":{"line":120,"column":4},"end":{"line":120,"column":23}},"49":{"start":{"line":121,"column":4},"end":{"line":121,"column":61}},"50":{"start":{"line":125,"column":0},"end":{"line":181,"column":3}},"51":{"start":{"line":126,"column":2},"end":{"line":180,"column":3}},"52":{"start":{"line":127,"column":20},"end":{"line":127,"column":30}},"53":{"start":{"line":128,"column":25},"end":{"line":128,"column":47}},"54":{"start":{"line":129,"column":4},"end":{"line":131,"column":5}},"55":{"start":{"line":130,"column":6},"end":{"line":130,"column":73}},"56":{"start":{"line":132,"column":4},"end":{"line":134,"column":5}},"57":{"start":{"line":133,"column":6},"end":{"line":133,"column":72}},"58":{"start":{"line":135,"column":4},"end":{"line":137,"column":5}},"59":{"start":{"line":136,"column":6},"end":{"line":136,"column":89}},"60":{"start":{"line":139,"column":19},"end":{"line":139,"column":87}},"61":{"start":{"line":141,"column":20},"end":{"line":163,"column":6}},"62":{"start":{"line":142,"column":19},"end":{"line":142,"column":112}},"63":{"start":{"line":143,"column":6},"end":{"line":145,"column":7}},"64":{"start":{"line":144,"column":8},"end":{"line":144,"column":42}},"65":{"start":{"line":147,"column":26},"end":{"line":151,"column":8}},"66":{"start":{"line":153,"column":6},"end":{"line":160,"column":9}},"67":{"start":{"line":162,"column":6},"end":{"line":162,"column":25}},"68":{"start":{"line":165,"column":4},"end":{"line":171,"column":7}},"69":{"start":{"line":173,"column":4},"end":{"line":173,"column":41}},"70":{"start":{"line":175,"column":4},"end":{"line":177,"column":5}},"71":{"start":{"line":176,"column":6},"end":{"line":176,"column":72}},"72":{"start":{"line":178,"column":4},"end":{"line":178,"column":23}},"73":{"start":{"line":179,"column":4},"end":{"line":179,"column":61}},"74":{"start":{"line":183,"column":0},"end":{"line":236,"column":3}},"75":{"start":{"line":184,"column":2},"end":{"line":235,"column":3}},"76":{"start":{"line":185,"column":20},"end":{"line":185,"column":30}},"77":{"start":{"line":186,"column":25},"end":{"line":186,"column":47}},"78":{"start":{"line":187,"column":4},"end":{"line":189,"column":5}},"79":{"start":{"line":188,"column":6},"end":{"line":188,"column":73}},"80":{"start":{"line":190,"column":4},"end":{"line":192,"column":5}},"81":{"start":{"line":191,"column":6},"end":{"line":191,"column":72}},"82":{"start":{"line":194,"column":19},"end":{"line":194,"column":87}},"83":{"start":{"line":196,"column":20},"end":{"line":218,"column":6}},"84":{"start":{"line":197,"column":19},"end":{"line":197,"column":112}},"85":{"start":{"line":198,"column":6},"end":{"line":200,"column":7}},"86":{"start":{"line":199,"column":8},"end":{"line":199,"column":42}},"87":{"start":{"line":202,"column":25},"end":{"line":206,"column":8}},"88":{"start":{"line":208,"column":6},"end":{"line":215,"column":9}},"89":{"start":{"line":217,"column":6},"end":{"line":217,"column":24}},"90":{"start":{"line":220,"column":4},"end":{"line":226,"column":7}},"91":{"start":{"line":228,"column":4},"end":{"line":228,"column":41}},"92":{"start":{"line":230,"column":4},"end":{"line":232,"column":5}},"93":{"start":{"line":231,"column":6},"end":{"line":231,"column":72}},"94":{"start":{"line":233,"column":4},"end":{"line":233,"column":23}},"95":{"start":{"line":234,"column":4},"end":{"line":234,"column":61}},"96":{"start":{"line":238,"column":0},"end":{"line":319,"column":3}},"97":{"start":{"line":239,"column":2},"end":{"line":318,"column":3}},"98":{"start":{"line":240,"column":20},"end":{"line":240,"column":30}},"99":{"start":{"line":241,"column":25},"end":{"line":241,"column":47}},"100":{"start":{"line":242,"column":4},"end":{"line":244,"column":5}},"101":{"start":{"line":243,"column":6},"end":{"line":243,"column":73}},"102":{"start":{"line":245,"column":4},"end":{"line":247,"column":5}},"103":{"start":{"line":246,"column":6},"end":{"line":246,"column":72}},"104":{"start":{"line":249,"column":19},"end":{"line":249,"column":43}},"105":{"start":{"line":250,"column":4},"end":{"line":252,"column":5}},"106":{"start":{"line":251,"column":6},"end":{"line":251,"column":65}},"107":{"start":{"line":254,"column":19},"end":{"line":254,"column":87}},"108":{"start":{"line":256,"column":19},"end":{"line":295,"column":6}},"109":{"start":{"line":257,"column":19},"end":{"line":260,"column":8}},"110":{"start":{"line":261,"column":6},"end":{"line":263,"column":7}},"111":{"start":{"line":262,"column":8},"end":{"line":262,"column":42}},"112":{"start":{"line":264,"column":6},"end":{"line":266,"column":7}},"113":{"start":{"line":265,"column":8},"end":{"line":265,"column":46}},"114":{"start":{"line":268,"column":26},"end":{"line":272,"column":8}},"115":{"start":{"line":274,"column":6},"end":{"line":282,"column":9}},"116":{"start":{"line":284,"column":6},"end":{"line":292,"column":9}},"117":{"start":{"line":294,"column":6},"end":{"line":294,"column":25}},"118":{"start":{"line":297,"column":4},"end":{"line":304,"column":7}},"119":{"start":{"line":306,"column":4},"end":{"line":306,"column":40}},"120":{"start":{"line":308,"column":4},"end":{"line":315,"column":5}},"121":{"start":{"line":309,"column":6},"end":{"line":311,"column":7}},"122":{"start":{"line":310,"column":8},"end":{"line":310,"column":74}},"123":{"start":{"line":312,"column":6},"end":{"line":314,"column":7}},"124":{"start":{"line":313,"column":8},"end":{"line":313,"column":68}},"125":{"start":{"line":316,"column":4},"end":{"line":316,"column":23}},"126":{"start":{"line":317,"column":4},"end":{"line":317,"column":61}},"127":{"start":{"line":321,"column":0},"end":{"line":378,"column":3}},"128":{"start":{"line":322,"column":2},"end":{"line":377,"column":3}},"129":{"start":{"line":323,"column":20},"end":{"line":323,"column":38}},"130":{"start":{"line":324,"column":25},"end":{"line":324,"column":47}},"131":{"start":{"line":325,"column":4},"end":{"line":327,"column":5}},"132":{"start":{"line":326,"column":6},"end":{"line":326,"column":72}},"133":{"start":{"line":329,"column":19},"end":{"line":329,"column":43}},"134":{"start":{"line":330,"column":4},"end":{"line":332,"column":5}},"135":{"start":{"line":331,"column":6},"end":{"line":331,"column":65}},"136":{"start":{"line":334,"column":19},"end":{"line":360,"column":6}},"137":{"start":{"line":335,"column":19},"end":{"line":338,"column":8}},"138":{"start":{"line":339,"column":6},"end":{"line":341,"column":7}},"139":{"start":{"line":340,"column":8},"end":{"line":340,"column":42}},"140":{"start":{"line":343,"column":26},"end":{"line":347,"column":8}},"141":{"start":{"line":349,"column":6},"end":{"line":357,"column":9}},"142":{"start":{"line":359,"column":6},"end":{"line":359,"column":25}},"143":{"start":{"line":362,"column":4},"end":{"line":368,"column":7}},"144":{"start":{"line":370,"column":4},"end":{"line":370,"column":40}},"145":{"start":{"line":372,"column":4},"end":{"line":374,"column":5}},"146":{"start":{"line":373,"column":6},"end":{"line":373,"column":72}},"147":{"start":{"line":375,"column":4},"end":{"line":375,"column":23}},"148":{"start":{"line":376,"column":4},"end":{"line":376,"column":61}},"149":{"start":{"line":380,"column":0},"end":{"line":418,"column":3}},"150":{"start":{"line":381,"column":2},"end":{"line":417,"column":3}},"151":{"start":{"line":382,"column":20},"end":{"line":382,"column":30}},"152":{"start":{"line":383,"column":25},"end":{"line":383,"column":47}},"153":{"start":{"line":384,"column":4},"end":{"line":386,"column":5}},"154":{"start":{"line":385,"column":6},"end":{"line":385,"column":73}},"155":{"start":{"line":387,"column":4},"end":{"line":389,"column":5}},"156":{"start":{"line":388,"column":6},"end":{"line":388,"column":72}},"157":{"start":{"line":391,"column":20},"end":{"line":404,"column":6}},"158":{"start":{"line":406,"column":4},"end":{"line":411,"column":7}},"159":{"start":{"line":413,"column":4},"end":{"line":413,"column":41}},"160":{"start":{"line":415,"column":4},"end":{"line":415,"column":23}},"161":{"start":{"line":416,"column":4},"end":{"line":416,"column":61}},"162":{"start":{"line":420,"column":0},"end":{"line":420,"column":22}}},"fnMap":{"0":{"name":"parseId","decl":{"start":{"line":11,"column":9},"end":{"line":11,"column":16}},"loc":{"start":{"line":11,"column":28},"end":{"line":17,"column":1}}},"1":{"name":"(anonymous_1)","decl":{"start":{"line":19,"column":21},"end":{"line":19,"column":26}},"loc":{"start":{"line":19,"column":41},"end":{"line":39,"column":1}}},"2":{"name":"(anonymous_2)","decl":{"start":{"line":41,"column":28},"end":{"line":41,"column":33}},"loc":{"start":{"line":41,"column":47},"end":{"line":66,"column":1}}},"3":{"name":"(anonymous_3)","decl":{"start":{"line":68,"column":38},"end":{"line":68,"column":43}},"loc":{"start":{"line":68,"column":57},"end":{"line":90,"column":1}}},"4":{"name":"(anonymous_4)","decl":{"start":{"line":92,"column":31},"end":{"line":92,"column":36}},"loc":{"start":{"line":92,"column":50},"end":{"line":123,"column":1}}},"5":{"name":"(anonymous_5)","decl":{"start":{"line":125,"column":33},"end":{"line":125,"column":38}},"loc":{"start":{"line":125,"column":52},"end":{"line":181,"column":1}}},"6":{"name":"(anonymous_6)","decl":{"start":{"line":141,"column":46},"end":{"line":141,"column":51}},"loc":{"start":{"line":141,"column":59},"end":{"line":163,"column":5}}},"7":{"name":"(anonymous_7)","decl":{"start":{"line":183,"column":35},"end":{"line":183,"column":40}},"loc":{"start":{"line":183,"column":54},"end":{"line":236,"column":1}}},"8":{"name":"(anonymous_8)","decl":{"start":{"line":196,"column":46},"end":{"line":196,"column":51}},"loc":{"start":{"line":196,"column":59},"end":{"line":218,"column":5}}},"9":{"name":"(anonymous_9)","decl":{"start":{"line":238,"column":35},"end":{"line":238,"column":40}},"loc":{"start":{"line":238,"column":54},"end":{"line":319,"column":1}}},"10":{"name":"(anonymous_10)","decl":{"start":{"line":256,"column":45},"end":{"line":256,"column":50}},"loc":{"start":{"line":256,"column":58},"end":{"line":295,"column":5}}},"11":{"name":"(anonymous_11)","decl":{"start":{"line":321,"column":34},"end":{"line":321,"column":39}},"loc":{"start":{"line":321,"column":53},"end":{"line":378,"column":1}}},"12":{"name":"(anonymous_12)","decl":{"start":{"line":334,"column":45},"end":{"line":334,"column":50}},"loc":{"start":{"line":334,"column":58},"end":{"line":360,"column":5}}},"13":{"name":"(anonymous_13)","decl":{"start":{"line":380,"column":35},"end":{"line":380,"column":40}},"loc":{"start":{"line":380,"column":54},"end":{"line":418,"column":1}}}},"branchMap":{"0":{"loc":{"start":{"line":13,"column":2},"end":{"line":15,"column":3}},"type":"if","locations":[{"start":{"line":13,"column":2},"end":{"line":15,"column":3}},{"start":{},"end":{}}]},"1":{"loc":{"start":{"line":13,"column":6},"end":{"line":13,"column":38}},"type":"binary-expr","locations":[{"start":{"line":13,"column":6},"end":{"line":13,"column":27}},{"start":{"line":13,"column":31},"end":{"line":13,"column":38}}]},"2":{"loc":{"start":{"line":43,"column":23},"end":{"line":43,"column":42}},"type":"binary-expr","locations":[{"start":{"line":43,"column":23},"end":{"line":43,"column":36}},{"start":{"line":43,"column":40},"end":{"line":43,"column":42}}]},"3":{"loc":{"start":{"line":44,"column":28},"end":{"line":44,"column":49}},"type":"binary-expr","locations":[{"start":{"line":44,"column":28},"end":{"line":44,"column":43}},{"start":{"line":44,"column":47},"end":{"line":44,"column":49}}]},"4":{"loc":{"start":{"line":45,"column":18},"end":{"line":45,"column":91}},"type":"cond-expr","locations":[{"start":{"line":45,"column":63},"end":{"line":45,"column":86}},{"start":{"line":45,"column":89},"end":{"line":45,"column":91}}]},"5":{"loc":{"start":{"line":45,"column":18},"end":{"line":45,"column":60}},"type":"binary-expr","locations":[{"start":{"line":45,"column":18},"end":{"line":45,"column":44}},{"start":{"line":45,"column":48},"end":{"line":45,"column":60}}]},"6":{"loc":{"start":{"line":48,"column":10},"end":{"line":48,"column":36}},"type":"cond-expr","locations":[{"start":{"line":48,"column":16},"end":{"line":48,"column":18}},{"start":{"line":48,"column":21},"end":{"line":48,"column":36}}]},"7":{"loc":{"start":{"line":71,"column":4},"end":{"line":73,"column":5}},"type":"if","locations":[{"start":{"line":71,"column":4},"end":{"line":73,"column":5}},{"start":{},"end":{}}]},"8":{"loc":{"start":{"line":76,"column":4},"end":{"line":78,"column":5}},"type":"if","locations":[{"start":{"line":76,"column":4},"end":{"line":78,"column":5}},{"start":{},"end":{}}]},"9":{"loc":{"start":{"line":95,"column":4},"end":{"line":97,"column":5}},"type":"if","locations":[{"start":{"line":95,"column":4},"end":{"line":97,"column":5}},{"start":{},"end":{}}]},"10":{"loc":{"start":{"line":103,"column":4},"end":{"line":105,"column":5}},"type":"if","locations":[{"start":{"line":103,"column":4},"end":{"line":105,"column":5}},{"start":{},"end":{}}]},"11":{"loc":{"start":{"line":129,"column":4},"end":{"line":131,"column":5}},"type":"if","locations":[{"start":{"line":129,"column":4},"end":{"line":131,"column":5}},{"start":{},"end":{}}]},"12":{"loc":{"start":{"line":132,"column":4},"end":{"line":134,"column":5}},"type":"if","locations":[{"start":{"line":132,"column":4},"end":{"line":134,"column":5}},{"start":{},"end":{}}]},"13":{"loc":{"start":{"line":135,"column":4},"end":{"line":137,"column":5}},"type":"if","locations":[{"start":{"line":135,"column":4},"end":{"line":137,"column":5}},{"start":{},"end":{}}]},"14":{"loc":{"start":{"line":139,"column":19},"end":{"line":139,"column":87}},"type":"cond-expr","locations":[{"start":{"line":139,"column":58},"end":{"line":139,"column":80}},{"start":{"line":139,"column":83},"end":{"line":139,"column":87}}]},"15":{"loc":{"start":{"line":143,"column":6},"end":{"line":145,"column":7}},"type":"if","locations":[{"start":{"line":143,"column":6},"end":{"line":145,"column":7}},{"start":{},"end":{}}]},"16":{"loc":{"start":{"line":175,"column":4},"end":{"line":177,"column":5}},"type":"if","locations":[{"start":{"line":175,"column":4},"end":{"line":177,"column":5}},{"start":{},"end":{}}]},"17":{"loc":{"start":{"line":175,"column":8},"end":{"line":175,"column":64}},"type":"binary-expr","locations":[{"start":{"line":175,"column":8},"end":{"line":175,"column":28}},{"start":{"line":175,"column":32},"end":{"line":175,"column":64}}]},"18":{"loc":{"start":{"line":187,"column":4},"end":{"line":189,"column":5}},"type":"if","locations":[{"start":{"line":187,"column":4},"end":{"line":189,"column":5}},{"start":{},"end":{}}]},"19":{"loc":{"start":{"line":190,"column":4},"end":{"line":192,"column":5}},"type":"if","locations":[{"start":{"line":190,"column":4},"end":{"line":192,"column":5}},{"start":{},"end":{}}]},"20":{"loc":{"start":{"line":194,"column":19},"end":{"line":194,"column":87}},"type":"cond-expr","locations":[{"start":{"line":194,"column":58},"end":{"line":194,"column":80}},{"start":{"line":194,"column":83},"end":{"line":194,"column":87}}]},"21":{"loc":{"start":{"line":198,"column":6},"end":{"line":200,"column":7}},"type":"if","locations":[{"start":{"line":198,"column":6},"end":{"line":200,"column":7}},{"start":{},"end":{}}]},"22":{"loc":{"start":{"line":230,"column":4},"end":{"line":232,"column":5}},"type":"if","locations":[{"start":{"line":230,"column":4},"end":{"line":232,"column":5}},{"start":{},"end":{}}]},"23":{"loc":{"start":{"line":230,"column":8},"end":{"line":230,"column":64}},"type":"binary-expr","locations":[{"start":{"line":230,"column":8},"end":{"line":230,"column":28}},{"start":{"line":230,"column":32},"end":{"line":230,"column":64}}]},"24":{"loc":{"start":{"line":242,"column":4},"end":{"line":244,"column":5}},"type":"if","locations":[{"start":{"line":242,"column":4},"end":{"line":244,"column":5}},{"start":{},"end":{}}]},"25":{"loc":{"start":{"line":245,"column":4},"end":{"line":247,"column":5}},"type":"if","locations":[{"start":{"line":245,"column":4},"end":{"line":247,"column":5}},{"start":{},"end":{}}]},"26":{"loc":{"start":{"line":250,"column":4},"end":{"line":252,"column":5}},"type":"if","locations":[{"start":{"line":250,"column":4},"end":{"line":252,"column":5}},{"start":{},"end":{}}]},"27":{"loc":{"start":{"line":250,"column":8},"end":{"line":250,"column":47}},"type":"binary-expr","locations":[{"start":{"line":250,"column":8},"end":{"line":250,"column":32}},{"start":{"line":250,"column":36},"end":{"line":250,"column":47}}]},"28":{"loc":{"start":{"line":254,"column":19},"end":{"line":254,"column":87}},"type":"cond-expr","locations":[{"start":{"line":254,"column":58},"end":{"line":254,"column":80}},{"start":{"line":254,"column":83},"end":{"line":254,"column":87}}]},"29":{"loc":{"start":{"line":261,"column":6},"end":{"line":263,"column":7}},"type":"if","locations":[{"start":{"line":261,"column":6},"end":{"line":263,"column":7}},{"start":{},"end":{}}]},"30":{"loc":{"start":{"line":264,"column":6},"end":{"line":266,"column":7}},"type":"if","locations":[{"start":{"line":264,"column":6},"end":{"line":266,"column":7}},{"start":{},"end":{}}]},"31":{"loc":{"start":{"line":308,"column":4},"end":{"line":315,"column":5}},"type":"if","locations":[{"start":{"line":308,"column":4},"end":{"line":315,"column":5}},{"start":{},"end":{}}]},"32":{"loc":{"start":{"line":309,"column":6},"end":{"line":311,"column":7}},"type":"if","locations":[{"start":{"line":309,"column":6},"end":{"line":311,"column":7}},{"start":{},"end":{}}]},"33":{"loc":{"start":{"line":312,"column":6},"end":{"line":314,"column":7}},"type":"if","locations":[{"start":{"line":312,"column":6},"end":{"line":314,"column":7}},{"start":{},"end":{}}]},"34":{"loc":{"start":{"line":323,"column":20},"end":{"line":323,"column":38}},"type":"binary-expr","locations":[{"start":{"line":323,"column":20},"end":{"line":323,"column":30}},{"start":{"line":323,"column":34},"end":{"line":323,"column":38}}]},"35":{"loc":{"start":{"line":325,"column":4},"end":{"line":327,"column":5}},"type":"if","locations":[{"start":{"line":325,"column":4},"end":{"line":327,"column":5}},{"start":{},"end":{}}]},"36":{"loc":{"start":{"line":330,"column":4},"end":{"line":332,"column":5}},"type":"if","locations":[{"start":{"line":330,"column":4},"end":{"line":332,"column":5}},{"start":{},"end":{}}]},"37":{"loc":{"start":{"line":330,"column":8},"end":{"line":330,"column":47}},"type":"binary-expr","locations":[{"start":{"line":330,"column":8},"end":{"line":330,"column":32}},{"start":{"line":330,"column":36},"end":{"line":330,"column":47}}]},"38":{"loc":{"start":{"line":339,"column":6},"end":{"line":341,"column":7}},"type":"if","locations":[{"start":{"line":339,"column":6},"end":{"line":341,"column":7}},{"start":{},"end":{}}]},"39":{"loc":{"start":{"line":372,"column":4},"end":{"line":374,"column":5}},"type":"if","locations":[{"start":{"line":372,"column":4},"end":{"line":374,"column":5}},{"start":{},"end":{}}]},"40":{"loc":{"start":{"line":372,"column":8},"end":{"line":372,"column":64}},"type":"binary-expr","locations":[{"start":{"line":372,"column":8},"end":{"line":372,"column":28}},{"start":{"line":372,"column":32},"end":{"line":372,"column":64}}]},"41":{"loc":{"start":{"line":384,"column":4},"end":{"line":386,"column":5}},"type":"if","locations":[{"start":{"line":384,"column":4},"end":{"line":386,"column":5}},{"start":{},"end":{}}]},"42":{"loc":{"start":{"line":387,"column":4},"end":{"line":389,"column":5}},"type":"if","locations":[{"start":{"line":387,"column":4},"end":{"line":389,"column":5}},{"start":{},"end":{}}]}},"s":{"0":3,"1":3,"2":3,"3":3,"4":3,"5":3,"6":3,"7":5,"8":5,"9":2,"10":3,"11":3,"12":1,"13":1,"14":1,"15":0,"16":0,"17":3,"18":1,"19":1,"20":1,"21":1,"22":1,"23":1,"24":0,"25":0,"26":3,"27":0,"28":0,"29":0,"30":0,"31":0,"32":0,"33":0,"34":0,"35":0,"36":0,"37":0,"38":3,"39":0,"40":0,"41":0,"42":0,"43":0,"44":0,"45":0,"46":0,"47":0,"48":0,"49":0,"50":3,"51":2,"52":2,"53":2,"54":2,"55":0,"56":2,"57":1,"58":1,"59":1,"60":0,"61":0,"62":0,"63":0,"64":0,"65":0,"66":0,"67":0,"68":0,"69":0,"70":0,"71":0,"72":0,"73":0,"74":3,"75":0,"76":0,"77":0,"78":0,"79":0,"80":0,"81":0,"82":0,"83":0,"84":0,"85":0,"86":0,"87":0,"88":0,"89":0,"90":0,"91":0,"92":0,"93":0,"94":0,"95":0,"96":3,"97":1,"98":1,"99":1,"100":1,"101":0,"102":1,"103":0,"104":1,"105":1,"106":1,"107":0,"108":0,"109":0,"110":0,"111":0,"112":0,"113":0,"114":0,"115":0,"116":0,"117":0,"118":0,"119":0,"120":0,"121":0,"122":0,"123":0,"124":0,"125":0,"126":0,"127":3,"128":1,"129":1,"130":1,"131":1,"132":1,"133":0,"134":0,"135":0,"136":0,"137":0,"138":0,"139":0,"140":0,"141":0,"142":0,"143":0,"144":0,"145":0,"146":0,"147":0,"148":0,"149":3,"150":1,"151":1,"152":1,"153":1,"154":0,"155":1,"156":0,"157":1,"158":1,"159":1,"160":0,"161":0,"162":3},"f":{"0":5,"1":1,"2":1,"3":0,"4":0,"5":2,"6":0,"7":0,"8":0,"9":1,"10":0,"11":1,"12":0,"13":1},"b":{"0":[2,3],"1":[5,3],"2":[1,1],"3":[1,0],"4":[1,0],"5":[1,1],"6":[0,1],"7":[0,0],"8":[0,0],"9":[0,0],"10":[0,0],"11":[0,2],"12":[1,1],"13":[1,0],"14":[0,0],"15":[0,0],"16":[0,0],"17":[0,0],"18":[0,0],"19":[0,0],"20":[0,0],"21":[0,0],"22":[0,0],"23":[0,0],"24":[0,1],"25":[0,1],"26":[1,0],"27":[1,1],"28":[0,0],"29":[0,0],"30":[0,0],"31":[0,0],"32":[0,0],"33":[0,0],"34":[1,0],"35":[1,0],"36":[0,0],"37":[0,0],"38":[0,0],"39":[0,0],"40":[0,0],"41":[0,1],"42":[0,1]}}
,"C:\\Users\\Dani\\Desktop\\group-royalflush\\server\\src\\routes\\auth.routes.js": {"path":"C:\\Users\\Dani\\Desktop\\group-royalflush\\server\\src\\routes\\auth.routes.js","statementMap":{"0":{"start":{"line":1,"column":0},"end":{"line":1,"column":30}},"1":{"start":{"line":2,"column":0},"end":{"line":2,"column":28}},"2":{"start":{"line":3,"column":0},"end":{"line":3,"column":31}},"3":{"start":{"line":4,"column":0},"end":{"line":4,"column":42}},"4":{"start":{"line":5,"column":0},"end":{"line":5,"column":79}},"5":{"start":{"line":7,"column":15},"end":{"line":7,"column":31}},"6":{"start":{"line":9,"column":28},"end":{"line":9,"column":29}},"7":{"start":{"line":13,"column":2},"end":{"line":15,"column":3}},"8":{"start":{"line":14,"column":4},"end":{"line":14,"column":40}},"9":{"start":{"line":16,"column":16},"end":{"line":16,"column":32}},"10":{"start":{"line":17,"column":16},"end":{"line":17,"column":35}},"11":{"start":{"line":18,"column":2},"end":{"line":18,"column":27}},"12":{"start":{"line":20,"column":28},"end":{"line":20,"column":29}},"13":{"start":{"line":21,"column":28},"end":{"line":21,"column":30}},"14":{"start":{"line":24,"column":2},"end":{"line":24,"column":54}},"15":{"start":{"line":28,"column":2},"end":{"line":28,"column":65}},"16":{"start":{"line":33,"column":12},"end":{"line":33,"column":35}},"17":{"start":{"line":34,"column":2},"end":{"line":36,"column":3}},"18":{"start":{"line":35,"column":4},"end":{"line":35,"column":17}},"19":{"start":{"line":37,"column":2},"end":{"line":37,"column":36}},"20":{"start":{"line":41,"column":16},"end":{"line":41,"column":27}},"21":{"start":{"line":42,"column":19},"end":{"line":42,"column":33}},"22":{"start":{"line":43,"column":19},"end":{"line":43,"column":33}},"23":{"start":{"line":44,"column":2},"end":{"line":46,"column":3}},"24":{"start":{"line":45,"column":4},"end":{"line":45,"column":69}},"25":{"start":{"line":47,"column":12},"end":{"line":47,"column":35}},"26":{"start":{"line":48,"column":2},"end":{"line":53,"column":3}},"27":{"start":{"line":49,"column":4},"end":{"line":52,"column":6}},"28":{"start":{"line":54,"column":2},"end":{"line":56,"column":3}},"29":{"start":{"line":55,"column":4},"end":{"line":55,"column":59}},"30":{"start":{"line":57,"column":2},"end":{"line":62,"column":3}},"31":{"start":{"line":58,"column":4},"end":{"line":61,"column":6}},"32":{"start":{"line":63,"column":2},"end":{"line":63,"column":66}},"33":{"start":{"line":67,"column":16},"end":{"line":67,"column":27}},"34":{"start":{"line":68,"column":19},"end":{"line":68,"column":33}},"35":{"start":{"line":69,"column":2},"end":{"line":71,"column":3}},"36":{"start":{"line":70,"column":4},"end":{"line":70,"column":69}},"37":{"start":{"line":72,"column":2},"end":{"line":74,"column":3}},"38":{"start":{"line":73,"column":4},"end":{"line":73,"column":59}},"39":{"start":{"line":75,"column":2},"end":{"line":75,"column":53}},"40":{"start":{"line":79,"column":16},"end":{"line":79,"column":27}},"41":{"start":{"line":80,"column":19},"end":{"line":80,"column":33}},"42":{"start":{"line":81,"column":19},"end":{"line":81,"column":33}},"43":{"start":{"line":82,"column":19},"end":{"line":82,"column":33}},"44":{"start":{"line":83,"column":2},"end":{"line":85,"column":3}},"45":{"start":{"line":84,"column":4},"end":{"line":84,"column":91}},"46":{"start":{"line":86,"column":12},"end":{"line":86,"column":35}},"47":{"start":{"line":87,"column":2},"end":{"line":92,"column":3}},"48":{"start":{"line":88,"column":4},"end":{"line":91,"column":6}},"49":{"start":{"line":93,"column":2},"end":{"line":95,"column":3}},"50":{"start":{"line":94,"column":4},"end":{"line":94,"column":59}},"51":{"start":{"line":96,"column":2},"end":{"line":101,"column":3}},"52":{"start":{"line":97,"column":4},"end":{"line":100,"column":6}},"53":{"start":{"line":102,"column":2},"end":{"line":102,"column":101}},"54":{"start":{"line":106,"column":0},"end":{"line":168,"column":3}},"55":{"start":{"line":107,"column":2},"end":{"line":167,"column":3}},"56":{"start":{"line":108,"column":19},"end":{"line":108,"column":51}},"57":{"start":{"line":109,"column":4},"end":{"line":111,"column":5}},"58":{"start":{"line":110,"column":6},"end":{"line":110,"column":59}},"59":{"start":{"line":113,"column":24},"end":{"line":113,"column":51}},"60":{"start":{"line":114,"column":4},"end":{"line":116,"column":5}},"61":{"start":{"line":115,"column":6},"end":{"line":115,"column":79}},"62":{"start":{"line":117,"column":4},"end":{"line":119,"column":5}},"63":{"start":{"line":118,"column":6},"end":{"line":118,"column":67}},"64":{"start":{"line":121,"column":26},"end":{"line":124,"column":6}},"65":{"start":{"line":125,"column":4},"end":{"line":127,"column":5}},"66":{"start":{"line":126,"column":6},"end":{"line":126,"column":78}},"67":{"start":{"line":129,"column":46},"end":{"line":132,"column":6}},"68":{"start":{"line":134,"column":4},"end":{"line":136,"column":5}},"69":{"start":{"line":135,"column":6},"end":{"line":135,"column":67}},"70":{"start":{"line":137,"column":4},"end":{"line":139,"column":5}},"71":{"start":{"line":138,"column":6},"end":{"line":138,"column":72}},"72":{"start":{"line":141,"column":27},"end":{"line":141,"column":65}},"73":{"start":{"line":142,"column":18},"end":{"line":158,"column":6}},"74":{"start":{"line":160,"column":4},"end":{"line":163,"column":7}},"75":{"start":{"line":165,"column":4},"end":{"line":165,"column":23}},"76":{"start":{"line":166,"column":4},"end":{"line":166,"column":61}},"77":{"start":{"line":171,"column":0},"end":{"line":213,"column":3}},"78":{"start":{"line":172,"column":2},"end":{"line":212,"column":3}},"79":{"start":{"line":173,"column":19},"end":{"line":173,"column":49}},"80":{"start":{"line":174,"column":4},"end":{"line":176,"column":5}},"81":{"start":{"line":175,"column":6},"end":{"line":175,"column":59}},"82":{"start":{"line":177,"column":42},"end":{"line":177,"column":48}},"83":{"start":{"line":179,"column":46},"end":{"line":182,"column":6}},"84":{"start":{"line":184,"column":4},"end":{"line":186,"column":5}},"85":{"start":{"line":185,"column":6},"end":{"line":185,"column":67}},"86":{"start":{"line":187,"column":4},"end":{"line":189,"column":5}},"87":{"start":{"line":188,"column":6},"end":{"line":188,"column":72}},"88":{"start":{"line":191,"column":27},"end":{"line":191,"column":58}},"89":{"start":{"line":193,"column":17},"end":{"line":206,"column":6}},"90":{"start":{"line":208,"column":4},"end":{"line":208,"column":59}},"91":{"start":{"line":210,"column":4},"end":{"line":210,"column":23}},"92":{"start":{"line":211,"column":4},"end":{"line":211,"column":54}},"93":{"start":{"line":216,"column":0},"end":{"line":264,"column":3}},"94":{"start":{"line":217,"column":2},"end":{"line":263,"column":3}},"95":{"start":{"line":218,"column":19},"end":{"line":218,"column":46}},"96":{"start":{"line":219,"column":4},"end":{"line":221,"column":5}},"97":{"start":{"line":220,"column":6},"end":{"line":220,"column":59}},"98":{"start":{"line":222,"column":32},"end":{"line":222,"column":38}},"99":{"start":{"line":224,"column":17},"end":{"line":226,"column":6}},"100":{"start":{"line":228,"column":4},"end":{"line":232,"column":5}},"101":{"start":{"line":229,"column":6},"end":{"line":231,"column":9}},"102":{"start":{"line":234,"column":18},"end":{"line":234,"column":63}},"103":{"start":{"line":236,"column":4},"end":{"line":240,"column":5}},"104":{"start":{"line":237,"column":6},"end":{"line":239,"column":9}},"105":{"start":{"line":241,"column":4},"end":{"line":243,"column":5}},"106":{"start":{"line":242,"column":6},"end":{"line":242,"column":62}},"107":{"start":{"line":245,"column":18},"end":{"line":247,"column":6}},"108":{"start":{"line":249,"column":4},"end":{"line":259,"column":7}},"109":{"start":{"line":261,"column":4},"end":{"line":261,"column":23}},"110":{"start":{"line":262,"column":4},"end":{"line":262,"column":54}},"111":{"start":{"line":267,"column":0},"end":{"line":292,"column":3}},"112":{"start":{"line":268,"column":2},"end":{"line":291,"column":3}},"113":{"start":{"line":269,"column":17},"end":{"line":280,"column":6}},"114":{"start":{"line":281,"column":4},"end":{"line":283,"column":5}},"115":{"start":{"line":282,"column":6},"end":{"line":282,"column":72}},"116":{"start":{"line":284,"column":4},"end":{"line":287,"column":7}},"117":{"start":{"line":289,"column":4},"end":{"line":289,"column":23}},"118":{"start":{"line":290,"column":4},"end":{"line":290,"column":54}},"119":{"start":{"line":294,"column":0},"end":{"line":294,"column":22}}},"fnMap":{"0":{"name":"displayUsername","decl":{"start":{"line":12,"column":9},"end":{"line":12,"column":24}},"loc":{"start":{"line":12,"column":29},"end":{"line":19,"column":1}}},"1":{"name":"isNonEmptyString","decl":{"start":{"line":23,"column":9},"end":{"line":23,"column":25}},"loc":{"start":{"line":23,"column":27},"end":{"line":25,"column":1}}},"2":{"name":"isValidEmail","decl":{"start":{"line":27,"column":9},"end":{"line":27,"column":21}},"loc":{"start":{"line":27,"column":27},"end":{"line":29,"column":1}}},"3":{"name":"isValidUsername","decl":{"start":{"line":32,"column":9},"end":{"line":32,"column":24}},"loc":{"start":{"line":32,"column":33},"end":{"line":38,"column":1}}},"4":{"name":"validateRegisterBody","decl":{"start":{"line":40,"column":9},"end":{"line":40,"column":29}},"loc":{"start":{"line":40,"column":34},"end":{"line":64,"column":1}}},"5":{"name":"validateLoginBody","decl":{"start":{"line":66,"column":9},"end":{"line":66,"column":26}},"loc":{"start":{"line":66,"column":31},"end":{"line":76,"column":1}}},"6":{"name":"validateSetupAdminBody","decl":{"start":{"line":78,"column":9},"end":{"line":78,"column":31}},"loc":{"start":{"line":78,"column":36},"end":{"line":103,"column":1}}},"7":{"name":"(anonymous_8)","decl":{"start":{"line":106,"column":28},"end":{"line":106,"column":33}},"loc":{"start":{"line":106,"column":47},"end":{"line":168,"column":1}}},"8":{"name":"(anonymous_9)","decl":{"start":{"line":171,"column":25},"end":{"line":171,"column":30}},"loc":{"start":{"line":171,"column":44},"end":{"line":213,"column":1}}},"9":{"name":"(anonymous_10)","decl":{"start":{"line":216,"column":22},"end":{"line":216,"column":27}},"loc":{"start":{"line":216,"column":41},"end":{"line":264,"column":1}}},"10":{"name":"(anonymous_11)","decl":{"start":{"line":267,"column":43},"end":{"line":267,"column":48}},"loc":{"start":{"line":267,"column":62},"end":{"line":292,"column":1}}}},"branchMap":{"0":{"loc":{"start":{"line":13,"column":2},"end":{"line":15,"column":3}},"type":"if","locations":[{"start":{"line":13,"column":2},"end":{"line":15,"column":3}},{"start":{},"end":{}}]},"1":{"loc":{"start":{"line":13,"column":6},"end":{"line":13,"column":51}},"type":"binary-expr","locations":[{"start":{"line":13,"column":6},"end":{"line":13,"column":19}},{"start":{"line":13,"column":23},"end":{"line":13,"column":51}}]},"2":{"loc":{"start":{"line":16,"column":16},"end":{"line":16,"column":32}},"type":"binary-expr","locations":[{"start":{"line":16,"column":16},"end":{"line":16,"column":26}},{"start":{"line":16,"column":30},"end":{"line":16,"column":32}}]},"3":{"loc":{"start":{"line":18,"column":9},"end":{"line":18,"column":26}},"type":"binary-expr","locations":[{"start":{"line":18,"column":9},"end":{"line":18,"column":14}},{"start":{"line":18,"column":18},"end":{"line":18,"column":26}}]},"4":{"loc":{"start":{"line":24,"column":9},"end":{"line":24,"column":53}},"type":"binary-expr","locations":[{"start":{"line":24,"column":9},"end":{"line":24,"column":30}},{"start":{"line":24,"column":34},"end":{"line":24,"column":53}}]},"5":{"loc":{"start":{"line":34,"column":2},"end":{"line":36,"column":3}},"type":"if","locations":[{"start":{"line":34,"column":2},"end":{"line":36,"column":3}},{"start":{},"end":{}}]},"6":{"loc":{"start":{"line":34,"column":6},"end":{"line":34,"column":70}},"type":"binary-expr","locations":[{"start":{"line":34,"column":6},"end":{"line":34,"column":36}},{"start":{"line":34,"column":40},"end":{"line":34,"column":70}}]},"7":{"loc":{"start":{"line":44,"column":2},"end":{"line":46,"column":3}},"type":"if","locations":[{"start":{"line":44,"column":2},"end":{"line":46,"column":3}},{"start":{},"end":{}}]},"8":{"loc":{"start":{"line":44,"column":6},"end":{"line":44,"column":92}},"type":"binary-expr","locations":[{"start":{"line":44,"column":6},"end":{"line":44,"column":30}},{"start":{"line":44,"column":34},"end":{"line":44,"column":61}},{"start":{"line":44,"column":65},"end":{"line":44,"column":92}}]},"9":{"loc":{"start":{"line":48,"column":2},"end":{"line":53,"column":3}},"type":"if","locations":[{"start":{"line":48,"column":2},"end":{"line":53,"column":3}},{"start":{},"end":{}}]},"10":{"loc":{"start":{"line":54,"column":2},"end":{"line":56,"column":3}},"type":"if","locations":[{"start":{"line":54,"column":2},"end":{"line":56,"column":3}},{"start":{},"end":{}}]},"11":{"loc":{"start":{"line":57,"column":2},"end":{"line":62,"column":3}},"type":"if","locations":[{"start":{"line":57,"column":2},"end":{"line":62,"column":3}},{"start":{},"end":{}}]},"12":{"loc":{"start":{"line":69,"column":2},"end":{"line":71,"column":3}},"type":"if","locations":[{"start":{"line":69,"column":2},"end":{"line":71,"column":3}},{"start":{},"end":{}}]},"13":{"loc":{"start":{"line":69,"column":6},"end":{"line":69,"column":61}},"type":"binary-expr","locations":[{"start":{"line":69,"column":6},"end":{"line":69,"column":30}},{"start":{"line":69,"column":34},"end":{"line":69,"column":61}}]},"14":{"loc":{"start":{"line":72,"column":2},"end":{"line":74,"column":3}},"type":"if","locations":[{"start":{"line":72,"column":2},"end":{"line":74,"column":3}},{"start":{},"end":{}}]},"15":{"loc":{"start":{"line":83,"column":2},"end":{"line":85,"column":3}},"type":"if","locations":[{"start":{"line":83,"column":2},"end":{"line":85,"column":3}},{"start":{},"end":{}}]},"16":{"loc":{"start":{"line":83,"column":6},"end":{"line":83,"column":123}},"type":"binary-expr","locations":[{"start":{"line":83,"column":6},"end":{"line":83,"column":30}},{"start":{"line":83,"column":34},"end":{"line":83,"column":61}},{"start":{"line":83,"column":65},"end":{"line":83,"column":92}},{"start":{"line":83,"column":96},"end":{"line":83,"column":123}}]},"17":{"loc":{"start":{"line":87,"column":2},"end":{"line":92,"column":3}},"type":"if","locations":[{"start":{"line":87,"column":2},"end":{"line":92,"column":3}},{"start":{},"end":{}}]},"18":{"loc":{"start":{"line":93,"column":2},"end":{"line":95,"column":3}},"type":"if","locations":[{"start":{"line":93,"column":2},"end":{"line":95,"column":3}},{"start":{},"end":{}}]},"19":{"loc":{"start":{"line":96,"column":2},"end":{"line":101,"column":3}},"type":"if","locations":[{"start":{"line":96,"column":2},"end":{"line":101,"column":3}},{"start":{},"end":{}}]},"20":{"loc":{"start":{"line":109,"column":4},"end":{"line":111,"column":5}},"type":"if","locations":[{"start":{"line":109,"column":4},"end":{"line":111,"column":5}},{"start":{},"end":{}}]},"21":{"loc":{"start":{"line":114,"column":4},"end":{"line":116,"column":5}},"type":"if","locations":[{"start":{"line":114,"column":4},"end":{"line":116,"column":5}},{"start":{},"end":{}}]},"22":{"loc":{"start":{"line":117,"column":4},"end":{"line":119,"column":5}},"type":"if","locations":[{"start":{"line":117,"column":4},"end":{"line":119,"column":5}},{"start":{},"end":{}}]},"23":{"loc":{"start":{"line":125,"column":4},"end":{"line":127,"column":5}},"type":"if","locations":[{"start":{"line":125,"column":4},"end":{"line":127,"column":5}},{"start":{},"end":{}}]},"24":{"loc":{"start":{"line":134,"column":4},"end":{"line":136,"column":5}},"type":"if","locations":[{"start":{"line":134,"column":4},"end":{"line":136,"column":5}},{"start":{},"end":{}}]},"25":{"loc":{"start":{"line":137,"column":4},"end":{"line":139,"column":5}},"type":"if","locations":[{"start":{"line":137,"column":4},"end":{"line":139,"column":5}},{"start":{},"end":{}}]},"26":{"loc":{"start":{"line":174,"column":4},"end":{"line":176,"column":5}},"type":"if","locations":[{"start":{"line":174,"column":4},"end":{"line":176,"column":5}},{"start":{},"end":{}}]},"27":{"loc":{"start":{"line":184,"column":4},"end":{"line":186,"column":5}},"type":"if","locations":[{"start":{"line":184,"column":4},"end":{"line":186,"column":5}},{"start":{},"end":{}}]},"28":{"loc":{"start":{"line":187,"column":4},"end":{"line":189,"column":5}},"type":"if","locations":[{"start":{"line":187,"column":4},"end":{"line":189,"column":5}},{"start":{},"end":{}}]},"29":{"loc":{"start":{"line":219,"column":4},"end":{"line":221,"column":5}},"type":"if","locations":[{"start":{"line":219,"column":4},"end":{"line":221,"column":5}},{"start":{},"end":{}}]},"30":{"loc":{"start":{"line":228,"column":4},"end":{"line":232,"column":5}},"type":"if","locations":[{"start":{"line":228,"column":4},"end":{"line":232,"column":5}},{"start":{},"end":{}}]},"31":{"loc":{"start":{"line":236,"column":4},"end":{"line":240,"column":5}},"type":"if","locations":[{"start":{"line":236,"column":4},"end":{"line":240,"column":5}},{"start":{},"end":{}}]},"32":{"loc":{"start":{"line":241,"column":4},"end":{"line":243,"column":5}},"type":"if","locations":[{"start":{"line":241,"column":4},"end":{"line":243,"column":5}},{"start":{},"end":{}}]},"33":{"loc":{"start":{"line":281,"column":4},"end":{"line":283,"column":5}},"type":"if","locations":[{"start":{"line":281,"column":4},"end":{"line":283,"column":5}},{"start":{},"end":{}}]}},"s":{"0":3,"1":3,"2":3,"3":3,"4":3,"5":3,"6":3,"7":1,"8":1,"9":0,"10":0,"11":0,"12":3,"13":3,"14":11,"15":4,"16":2,"17":2,"18":0,"19":2,"20":3,"21":3,"22":3,"23":3,"24":1,"25":2,"26":2,"27":0,"28":2,"29":0,"30":2,"31":0,"32":2,"33":2,"34":2,"35":2,"36":0,"37":2,"38":0,"39":2,"40":0,"41":0,"42":0,"43":0,"44":0,"45":0,"46":0,"47":0,"48":0,"49":0,"50":0,"51":0,"52":0,"53":0,"54":3,"55":0,"56":0,"57":0,"58":0,"59":0,"60":0,"61":0,"62":0,"63":0,"64":0,"65":0,"66":0,"67":0,"68":0,"69":0,"70":0,"71":0,"72":0,"73":0,"74":0,"75":0,"76":0,"77":3,"78":3,"79":3,"80":3,"81":1,"82":2,"83":2,"84":2,"85":1,"86":1,"87":0,"88":1,"89":1,"90":1,"91":0,"92":0,"93":3,"94":2,"95":2,"96":2,"97":0,"98":2,"99":2,"100":2,"101":1,"102":1,"103":1,"104":1,"105":0,"106":0,"107":0,"108":0,"109":0,"110":0,"111":3,"112":2,"113":2,"114":2,"115":1,"116":1,"117":0,"118":0,"119":3},"f":{"0":1,"1":11,"2":4,"3":2,"4":3,"5":2,"6":0,"7":0,"8":3,"9":2,"10":2},"b":{"0":[1,0],"1":[1,1],"2":[0,0],"3":[0,0],"4":[11,11],"5":[0,2],"6":[2,2],"7":[1,2],"8":[3,2,2],"9":[0,2],"10":[0,2],"11":[0,2],"12":[0,2],"13":[2,2],"14":[0,2],"15":[0,0],"16":[0,0,0,0],"17":[0,0],"18":[0,0],"19":[0,0],"20":[0,0],"21":[0,0],"22":[0,0],"23":[0,0],"24":[0,0],"25":[0,0],"26":[1,2],"27":[1,1],"28":[0,1],"29":[0,2],"30":[1,1],"31":[1,0],"32":[0,0],"33":[1,1]}}
,"C:\\Users\\Dani\\Desktop\\group-royalflush\\server\\src\\routes\\blackjack.routes.ts": {"path":"C:\\Users\\Dani\\Desktop\\group-royalflush\\server\\src\\routes\\blackjack.routes.ts","statementMap":{"0":{"start":{"line":1,"column":0},"end":{"line":1,"column":33}},"1":{"start":{"line":2,"column":0},"end":{"line":2,"column":88}},"2":{"start":{"line":3,"column":0},"end":{"line":3,"column":67}},"3":{"start":{"line":5,"column":15},"end":{"line":5,"column":23}},"4":{"start":{"line":7,"column":0},"end":{"line":7,"column":63}},"5":{"start":{"line":8,"column":0},"end":{"line":8,"column":65}},"6":{"start":{"line":10,"column":0},"end":{"line":10,"column":22}}},"fnMap":{},"branchMap":{},"s":{"0":3,"1":3,"2":3,"3":3,"4":3,"5":3,"6":3},"f":{},"b":{}}
,"C:\\Users\\Dani\\Desktop\\group-royalflush\\server\\src\\utils\\password.ts": {"path":"C:\\Users\\Dani\\Desktop\\group-royalflush\\server\\src\\utils\\password.ts","statementMap":{"0":{"start":{"line":1,"column":32},"end":{"line":25,"column":1}},"1":{"start":{"line":2,"column":2},"end":{"line":2,"column":25}},"2":{"start":{"line":2,"column":12},"end":{"line":2,"column":25}},"3":{"start":{"line":3,"column":2},"end":{"line":3,"column":35}},"4":{"start":{"line":3,"column":22},"end":{"line":3,"column":35}},"5":{"start":{"line":4,"column":2},"end":{"line":4,"column":36}},"6":{"start":{"line":4,"column":23},"end":{"line":4,"column":36}},"7":{"start":{"line":6,"column":23},"end":{"line":6,"column":40}},"8":{"start":{"line":7,"column":23},"end":{"line":7,"column":40}},"9":{"start":{"line":8,"column":21},"end":{"line":8,"column":38}},"10":{"start":{"line":9,"column":21},"end":{"line":9,"column":45}},"11":{"start":{"line":11,"column":2},"end":{"line":22,"column":3}},"12":{"start":{"line":13,"column":4},"end":{"line":13,"column":36}},"13":{"start":{"line":13,"column":23},"end":{"line":13,"column":36}},"14":{"start":{"line":14,"column":4},"end":{"line":14,"column":16}},"15":{"start":{"line":15,"column":9},"end":{"line":22,"column":3}},"16":{"start":{"line":17,"column":4},"end":{"line":17,"column":68}},"17":{"start":{"line":17,"column":55},"end":{"line":17,"column":68}},"18":{"start":{"line":18,"column":4},"end":{"line":18,"column":34}},"19":{"start":{"line":18,"column":21},"end":{"line":18,"column":34}},"20":{"start":{"line":21,"column":4},"end":{"line":21,"column":51}},"21":{"start":{"line":21,"column":38},"end":{"line":21,"column":51}},"22":{"start":{"line":24,"column":2},"end":{"line":24,"column":14}},"23":{"start":{"line":1,"column":13},"end":{"line":1,"column":32}}},"fnMap":{"0":{"name":"(anonymous_0)","decl":{"start":{"line":1,"column":32},"end":{"line":1,"column":33}},"loc":{"start":{"line":1,"column":74},"end":{"line":25,"column":1}}}},"branchMap":{"0":{"loc":{"start":{"line":2,"column":2},"end":{"line":2,"column":25}},"type":"if","locations":[{"start":{"line":2,"column":2},"end":{"line":2,"column":25}},{"start":{},"end":{}}]},"1":{"loc":{"start":{"line":3,"column":2},"end":{"line":3,"column":35}},"type":"if","locations":[{"start":{"line":3,"column":2},"end":{"line":3,"column":35}},{"start":{},"end":{}}]},"2":{"loc":{"start":{"line":4,"column":2},"end":{"line":4,"column":36}},"type":"if","locations":[{"start":{"line":4,"column":2},"end":{"line":4,"column":36}},{"start":{},"end":{}}]},"3":{"loc":{"start":{"line":11,"column":2},"end":{"line":22,"column":3}},"type":"if","locations":[{"start":{"line":11,"column":2},"end":{"line":22,"column":3}},{"start":{"line":15,"column":9},"end":{"line":22,"column":3}}]},"4":{"loc":{"start":{"line":13,"column":4},"end":{"line":13,"column":36}},"type":"if","locations":[{"start":{"line":13,"column":4},"end":{"line":13,"column":36}},{"start":{},"end":{}}]},"5":{"loc":{"start":{"line":15,"column":9},"end":{"line":22,"column":3}},"type":"if","locations":[{"start":{"line":15,"column":9},"end":{"line":22,"column":3}},{"start":{"line":19,"column":9},"end":{"line":22,"column":3}}]},"6":{"loc":{"start":{"line":15,"column":13},"end":{"line":15,"column":42}},"type":"binary-expr","locations":[{"start":{"line":15,"column":13},"end":{"line":15,"column":26}},{"start":{"line":15,"column":30},"end":{"line":15,"column":42}}]},"7":{"loc":{"start":{"line":17,"column":4},"end":{"line":17,"column":68}},"type":"if","locations":[{"start":{"line":17,"column":4},"end":{"line":17,"column":68}},{"start":{},"end":{}}]},"8":{"loc":{"start":{"line":17,"column":8},"end":{"line":17,"column":53}},"type":"binary-expr","locations":[{"start":{"line":17,"column":8},"end":{"line":17,"column":21}},{"start":{"line":17,"column":25},"end":{"line":17,"column":38}},{"start":{"line":17,"column":42},"end":{"line":17,"column":53}}]},"9":{"loc":{"start":{"line":18,"column":4},"end":{"line":18,"column":34}},"type":"if","locations":[{"start":{"line":18,"column":4},"end":{"line":18,"column":34}},{"start":{},"end":{}}]},"10":{"loc":{"start":{"line":21,"column":4},"end":{"line":21,"column":51}},"type":"if","locations":[{"start":{"line":21,"column":4},"end":{"line":21,"column":51}},{"start":{},"end":{}}]},"11":{"loc":{"start":{"line":21,"column":8},"end":{"line":21,"column":36}},"type":"binary-expr","locations":[{"start":{"line":21,"column":8},"end":{"line":21,"column":19}},{"start":{"line":21,"column":23},"end":{"line":21,"column":36}}]}},"s":{"0":1,"1":14,"2":1,"3":13,"4":1,"5":12,"6":1,"7":11,"8":11,"9":11,"10":11,"11":11,"12":2,"13":1,"14":1,"15":9,"16":6,"17":3,"18":3,"19":1,"20":3,"21":1,"22":4,"23":1},"f":{"0":14},"b":{"0":[1,13],"1":[1,12],"2":[1,11],"3":[2,9],"4":[1,1],"5":[6,3],"6":[9,9],"7":[3,3],"8":[6,5,4],"9":[1,2],"10":[1,2],"11":[3,2]}}
,"C:\\Users\\Dani\\Desktop\\group-royalflush\\server\\src\\utils\\shipping.ts": {"path":"C:\\Users\\Dani\\Desktop\\group-royalflush\\server\\src\\utils\\shipping.ts","statementMap":{"0":{"start":{"line":44,"column":0},"end":{"line":44,"column":16}},"1":{"start":{"line":50,"column":2},"end":{"line":52,"column":3}},"2":{"start":{"line":51,"column":4},"end":{"line":51,"column":40}},"3":{"start":{"line":54,"column":2},"end":{"line":56,"column":3}},"4":{"start":{"line":55,"column":4},"end":{"line":55,"column":38}},"5":{"start":{"line":59,"column":14},"end":{"line":59,"column":15}},"6":{"start":{"line":61,"column":2},"end":{"line":67,"column":3}},"7":{"start":{"line":62,"column":4},"end":{"line":62,"column":15}},"8":{"start":{"line":63,"column":9},"end":{"line":67,"column":3}},"9":{"start":{"line":64,"column":4},"end":{"line":64,"column":15}},"10":{"start":{"line":66,"column":4},"end":{"line":66,"column":15}},"11":{"start":{"line":70,"column":2},"end":{"line":72,"column":3}},"12":{"start":{"line":71,"column":4},"end":{"line":71,"column":24}},"13":{"start":{"line":75,"column":2},"end":{"line":77,"column":3}},"14":{"start":{"line":76,"column":4},"end":{"line":76,"column":22}},"15":{"start":{"line":79,"column":2},"end":{"line":79,"column":15}}},"fnMap":{"0":{"name":"calculateShipping","decl":{"start":{"line":44,"column":16},"end":{"line":44,"column":33}},"loc":{"start":{"line":47,"column":30},"end":{"line":80,"column":1}}}},"branchMap":{"0":{"loc":{"start":{"line":50,"column":2},"end":{"line":52,"column":3}},"type":"if","locations":[{"start":{"line":50,"column":2},"end":{"line":52,"column":3}},{"start":{},"end":{}}]},"1":{"loc":{"start":{"line":54,"column":2},"end":{"line":56,"column":3}},"type":"if","locations":[{"start":{"line":54,"column":2},"end":{"line":56,"column":3}},{"start":{},"end":{}}]},"2":{"loc":{"start":{"line":54,"column":6},"end":{"line":54,"column":32}},"type":"binary-expr","locations":[{"start":{"line":54,"column":6},"end":{"line":54,"column":17}},{"start":{"line":54,"column":21},"end":{"line":54,"column":32}}]},"3":{"loc":{"start":{"line":61,"column":2},"end":{"line":67,"column":3}},"type":"if","locations":[{"start":{"line":61,"column":2},"end":{"line":67,"column":3}},{"start":{"line":63,"column":9},"end":{"line":67,"column":3}}]},"4":{"loc":{"start":{"line":63,"column":9},"end":{"line":67,"column":3}},"type":"if","locations":[{"start":{"line":63,"column":9},"end":{"line":67,"column":3}},{"start":{"line":65,"column":9},"end":{"line":67,"column":3}}]},"5":{"loc":{"start":{"line":70,"column":2},"end":{"line":72,"column":3}},"type":"if","locations":[{"start":{"line":70,"column":2},"end":{"line":72,"column":3}},{"start":{},"end":{}}]},"6":{"loc":{"start":{"line":75,"column":2},"end":{"line":77,"column":3}},"type":"if","locations":[{"start":{"line":75,"column":2},"end":{"line":77,"column":3}},{"start":{},"end":{}}]}},"s":{"0":2,"1":19,"2":1,"3":18,"4":3,"5":15,"6":15,"7":6,"8":9,"9":6,"10":3,"11":15,"12":6,"13":15,"14":5,"15":15},"f":{"0":19},"b":{"0":[1,18],"1":[3,15],"2":[18,16],"3":[6,9],"4":[6,3],"5":[6,9],"6":[5,10]}}
,"C:\\Users\\Dani\\Desktop\\group-royalflush\\server\\src\\utils\\userValidator.ts": {"path":"C:\\Users\\Dani\\Desktop\\group-royalflush\\server\\src\\utils\\userValidator.ts","statementMap":{"0":{"start":{"line":3,"column":0},"end":{"line":3,"column":16}},"1":{"start":{"line":1,"column":0},"end":{"line":1,"column":36}},"2":{"start":{"line":9,"column":4},"end":{"line":11,"column":5}},"3":{"start":{"line":10,"column":8},"end":{"line":10,"column":null}},"4":{"start":{"line":14,"column":4},"end":{"line":16,"column":5}},"5":{"start":{"line":15,"column":8},"end":{"line":15,"column":null}},"6":{"start":{"line":19,"column":4},"end":{"line":21,"column":5}},"7":{"start":{"line":20,"column":8},"end":{"line":20,"column":null}},"8":{"start":{"line":23,"column":4},"end":{"line":29,"column":5}},"9":{"start":{"line":24,"column":8},"end":{"line":28,"column":9}},"10":{"start":{"line":25,"column":12},"end":{"line":25,"column":null}},"11":{"start":{"line":27,"column":8},"end":{"line":27,"column":null}},"12":{"start":{"line":30,"column":4},"end":{"line":30,"column":null}}},"fnMap":{"0":{"name":"validateUserRegistration","decl":{"start":{"line":3,"column":16},"end":{"line":3,"column":40}},"loc":{"start":{"line":6,"column":17},"end":{"line":31,"column":1}}}},"branchMap":{"0":{"loc":{"start":{"line":9,"column":4},"end":{"line":11,"column":5}},"type":"if","locations":[{"start":{"line":9,"column":4},"end":{"line":11,"column":5}},{"start":{},"end":{}}]},"1":{"loc":{"start":{"line":14,"column":4},"end":{"line":16,"column":5}},"type":"if","locations":[{"start":{"line":14,"column":4},"end":{"line":16,"column":5}},{"start":{},"end":{}}]},"2":{"loc":{"start":{"line":19,"column":4},"end":{"line":21,"column":5}},"type":"if","locations":[{"start":{"line":19,"column":4},"end":{"line":21,"column":5}},{"start":{},"end":{}}]},"3":{"loc":{"start":{"line":19,"column":8},"end":{"line":19,"column":52}},"type":"binary-expr","locations":[{"start":{"line":19,"column":8},"end":{"line":19,"column":28}},{"start":{"line":19,"column":32},"end":{"line":19,"column":52}}]},"4":{"loc":{"start":{"line":23,"column":4},"end":{"line":29,"column":5}},"type":"if","locations":[{"start":{"line":23,"column":4},"end":{"line":29,"column":5}},{"start":{},"end":{}}]},"5":{"loc":{"start":{"line":24,"column":8},"end":{"line":28,"column":9}},"type":"if","locations":[{"start":{"line":24,"column":8},"end":{"line":28,"column":9}},{"start":{"line":26,"column":15},"end":{"line":28,"column":9}}]}},"s":{"0":1,"1":1,"2":8,"3":1,"4":7,"5":1,"6":6,"7":2,"8":4,"9":2,"10":1,"11":1,"12":2},"f":{"0":8},"b":{"0":[1,7],"1":[1,6],"2":[2,4],"3":[6,5],"4":[2,2],"5":[1,1]}}
}
