TN:
SF:src\utils\password.ts
FN:1,(anonymous_0)
FNF:1
FNH:1
FNDA:14,(anonymous_0)
DA:1,1
DA:2,14
DA:3,13
DA:4,12
DA:6,11
DA:7,11
DA:8,11
DA:9,11
DA:11,11
DA:13,2
DA:14,1
DA:15,9
DA:17,6
DA:18,3
DA:21,3
DA:24,4
LF:16
LH:16
BRDA:2,0,0,1
BRDA:2,0,1,13
BRDA:3,1,0,1
BRDA:3,1,1,12
BRDA:4,2,0,1
BRDA:4,2,1,11
BRDA:11,3,0,2
BRDA:11,3,1,9
BRDA:13,4,0,1
BRDA:13,4,1,1
BRDA:15,5,0,6
BRDA:15,5,1,3
BRDA:15,6,0,9
BRDA:15,6,1,9
BRDA:17,7,0,3
BRDA:17,7,1,3
BRDA:17,8,0,6
BRDA:17,8,1,5
BRDA:17,8,2,4
BRDA:18,9,0,1
BRDA:18,9,1,2
BRDA:21,10,0,1
BRDA:21,10,1,2
BRDA:21,11,0,3
BRDA:21,11,1,2
BRF:25
BRH:25
end_of_record
TN:
SF:src\utils\shipping.ts
FN:44,calculateShipping
FNF:1
FNH:1
FNDA:19,calculateShipping
DA:44,2
DA:50,19
DA:51,1
DA:54,18
DA:55,3
DA:59,15
DA:61,15
DA:62,6
DA:63,9
DA:64,6
DA:66,3
DA:70,15
DA:71,6
DA:75,15
DA:76,5
DA:79,15
LF:16
LH:16
BRDA:50,0,0,1
BRDA:50,0,1,18
BRDA:54,1,0,3
BRDA:54,1,1,15
BRDA:54,2,0,18
BRDA:54,2,1,16
BRDA:61,3,0,6
BRDA:61,3,1,9
BRDA:63,4,0,6
BRDA:63,4,1,3
BRDA:70,5,0,6
BRDA:70,5,1,9
BRDA:75,6,0,5
BRDA:75,6,1,10
BRF:14
BRH:14
end_of_record
