TN:
SF:src\app.ts
FNF:0
FNH:0
DA:1,3
DA:2,3
DA:3,3
DA:4,3
DA:5,3
DA:6,3
DA:7,3
DA:8,3
DA:9,3
DA:10,3
DA:12,3
DA:14,3
DA:15,3
DA:16,3
DA:17,3
DA:18,3
DA:20,3
DA:21,3
DA:22,3
DA:24,3
DA:26,3
LF:21
LH:21
BRF:0
BRH:0
end_of_record
TN:
SF:src\controllers\blackjack.controller.ts
FN:14,payoutCredits
FN:28,stakeBlackjack
FN:42,(anonymous_2)
FN:84,saveBlackjackGame
FN:119,(anonymous_4)
FNF:5
FNH:3
FNDA:2,payoutCredits
FNDA:5,stakeBlackjack
FNDA:0,(anonymous_2)
FNDA:5,saveBlackjackGame
FNDA:0,(anonymous_4)
DA:2,4
DA:4,4
DA:15,2
DA:16,0
DA:18,2
DA:19,1
DA:21,1
DA:22,1
DA:24,0
DA:28,4
DA:29,5
DA:30,5
DA:31,5
DA:32,1
DA:35,4
DA:36,4
DA:37,4
DA:38,4
DA:39,1
DA:42,3
DA:43,0
DA:44,0
DA:45,0
DA:47,0
DA:48,0
DA:50,0
DA:56,0
DA:66,0
DA:69,1
DA:71,2
DA:72,2
DA:73,1
DA:75,1
DA:76,1
DA:79,0
DA:80,0
DA:84,4
DA:85,5
DA:86,5
DA:87,5
DA:88,0
DA:91,5
DA:93,5
DA:94,5
DA:95,5
DA:96,5
DA:97,5
DA:98,5
DA:100,5
DA:101,0
DA:103,5
DA:104,1
DA:106,4
DA:107,1
DA:109,3
DA:110,0
DA:112,3
DA:113,1
DA:116,2
DA:117,2
DA:119,2
DA:120,0
DA:124,0
DA:125,0
DA:128,0
DA:138,0
DA:139,0
DA:145,0
DA:146,0
DA:156,0
DA:157,0
DA:168,0
DA:171,0
DA:174,2
DA:175,0
DA:178,2
DA:183,0
DA:184,0
LF:78
LH:48
BRDA:15,0,0,0
BRDA:15,0,1,2
BRDA:18,1,0,1
BRDA:18,1,1,1
BRDA:18,2,0,2
BRDA:18,2,1,1
BRDA:21,3,0,1
BRDA:21,3,1,0
BRDA:31,4,0,1
BRDA:31,4,1,4
BRDA:35,5,0,4
BRDA:35,5,1,0
BRDA:36,6,0,4
BRDA:36,6,1,4
BRDA:36,7,0,4
BRDA:36,7,1,0
BRDA:37,8,0,0
BRDA:37,8,1,4
BRDA:38,9,0,1
BRDA:38,9,1,3
BRDA:38,10,0,4
BRDA:38,10,1,4
BRDA:44,11,0,0
BRDA:44,11,1,0
BRDA:47,12,0,0
BRDA:47,12,1,0
BRDA:60,13,0,0
BRDA:60,13,1,0
BRDA:71,14,0,2
BRDA:71,14,1,0
BRDA:72,15,0,1
BRDA:72,15,1,1
BRDA:75,16,0,1
BRDA:75,16,1,0
BRDA:87,17,0,0
BRDA:87,17,1,5
BRDA:91,18,0,5
BRDA:91,18,1,0
BRDA:94,19,0,5
BRDA:94,19,1,2
BRDA:97,20,0,5
BRDA:97,20,1,0
BRDA:100,21,0,0
BRDA:100,21,1,5
BRDA:100,22,0,5
BRDA:100,22,1,5
BRDA:103,23,0,1
BRDA:103,23,1,4
BRDA:103,24,0,5
BRDA:103,24,1,4
BRDA:106,25,0,1
BRDA:106,25,1,3
BRDA:109,26,0,0
BRDA:109,26,1,3
BRDA:109,27,0,3
BRDA:109,27,1,3
BRDA:112,28,0,1
BRDA:112,28,1,2
BRDA:117,29,0,0
BRDA:117,29,1,2
BRDA:117,30,0,2
BRDA:117,30,1,0
BRDA:124,31,0,0
BRDA:124,31,1,0
BRDA:138,32,0,0
BRDA:138,32,1,0
BRDA:138,33,0,0
BRDA:138,33,1,0
BRDA:145,34,0,0
BRDA:145,34,1,0
BRDA:156,35,0,0
BRDA:156,35,1,0
BRDA:174,36,0,0
BRDA:174,36,1,2
BRF:74
BRH:43
end_of_record
TN:
SF:src\middleware\requireAdmin.ts
FN:4,requireAdmin
FNF:1
FNH:0
FNDA:0,requireAdmin
DA:2,2
DA:4,2
DA:5,0
DA:6,0
DA:7,0
DA:8,0
DA:11,0
DA:16,0
DA:17,0
DA:20,0
DA:21,0
DA:24,0
DA:26,0
DA:27,0
LF:14
LH:2
BRDA:7,0,0,0
BRDA:7,0,1,0
BRDA:16,1,0,0
BRDA:16,1,1,0
BRDA:20,2,0,0
BRDA:20,2,1,0
BRF:6
BRH:0
end_of_record
TN:
SF:src\middlewares\errorHandler.ts
FN:3,errorHandler
FNF:1
FNH:0
FNDA:0,errorHandler
DA:1,3
DA:3,3
DA:4,0
DA:6,0
DA:9,0
DA:12,0
LF:6
LH:2
BRDA:6,0,0,0
BRDA:6,0,1,0
BRDA:9,1,0,0
BRDA:9,1,1,0
BRF:4
BRH:0
end_of_record
TN:
SF:src\middlewares\logger.ts
FN:3,(anonymous_0)
FNF:1
FNH:1
FNDA:19,(anonymous_0)
DA:1,3
DA:3,3
DA:4,19
DA:5,19
LF:4
LH:4
BRF:0
BRH:0
end_of_record
TN:
SF:src\patterns\adminActionObserver.ts
FN:24,(anonymous_0)
FN:28,(anonymous_1)
FN:36,(anonymous_2)
FNF:3
FNH:3
FNDA:3,(anonymous_0)
FNDA:1,(anonymous_1)
FNDA:1,(anonymous_2)
DA:21,3
DA:22,3
DA:25,3
DA:29,1
DA:30,1
DA:37,1
DA:41,3
DA:42,3
LF:8
LH:8
BRF:0
BRH:0
end_of_record
TN:
SF:src\routes\admin.routes.ts
FN:11,parseId
FN:19,(anonymous_1)
FN:41,(anonymous_2)
FN:68,(anonymous_3)
FN:92,(anonymous_4)
FN:125,(anonymous_5)
FN:141,(anonymous_6)
FN:183,(anonymous_7)
FN:196,(anonymous_8)
FN:238,(anonymous_9)
FN:256,(anonymous_10)
FN:321,(anonymous_11)
FN:334,(anonymous_12)
FN:380,(anonymous_13)
FNF:14
FNH:7
FNDA:5,parseId
FNDA:1,(anonymous_1)
FNDA:1,(anonymous_2)
FNDA:0,(anonymous_3)
FNDA:0,(anonymous_4)
FNDA:2,(anonymous_5)
FNDA:0,(anonymous_6)
FNDA:0,(anonymous_7)
FNDA:0,(anonymous_8)
FNDA:1,(anonymous_9)
FNDA:0,(anonymous_10)
FNDA:1,(anonymous_11)
FNDA:0,(anonymous_12)
FNDA:1,(anonymous_13)
DA:1,3
DA:2,3
DA:3,3
DA:4,3
DA:5,3
DA:7,3
DA:9,3
DA:12,5
DA:13,5
DA:14,2
DA:16,3
DA:19,3
DA:20,1
DA:21,1
DA:34,1
DA:36,0
DA:37,0
DA:41,3
DA:42,1
DA:43,1
DA:44,1
DA:45,1
DA:47,1
DA:61,1
DA:63,0
DA:64,0
DA:68,3
DA:69,0
DA:70,0
DA:71,0
DA:72,0
DA:75,0
DA:76,0
DA:77,0
DA:80,0
DA:85,0
DA:87,0
DA:88,0
DA:92,3
DA:93,0
DA:94,0
DA:95,0
DA:96,0
DA:99,0
DA:103,0
DA:104,0
DA:107,0
DA:118,0
DA:120,0
DA:121,0
DA:125,3
DA:126,2
DA:127,2
DA:128,2
DA:129,2
DA:130,0
DA:132,2
DA:133,1
DA:135,1
DA:136,1
DA:139,0
DA:141,0
DA:142,0
DA:143,0
DA:144,0
DA:147,0
DA:153,0
DA:162,0
DA:165,0
DA:173,0
DA:175,0
DA:176,0
DA:178,0
DA:179,0
DA:183,3
DA:184,0
DA:185,0
DA:186,0
DA:187,0
DA:188,0
DA:190,0
DA:191,0
DA:194,0
DA:196,0
DA:197,0
DA:198,0
DA:199,0
DA:202,0
DA:208,0
DA:217,0
DA:220,0
DA:228,0
DA:230,0
DA:231,0
DA:233,0
DA:234,0
DA:238,3
DA:239,1
DA:240,1
DA:241,1
DA:242,1
DA:243,0
DA:245,1
DA:246,0
DA:249,1
DA:250,1
DA:251,1
DA:254,0
DA:256,0
DA:257,0
DA:261,0
DA:262,0
DA:264,0
DA:265,0
DA:268,0
DA:274,0
DA:284,0
DA:294,0
DA:297,0
DA:306,0
DA:308,0
DA:309,0
DA:310,0
DA:312,0
DA:313,0
DA:316,0
DA:317,0
DA:321,3
DA:322,1
DA:323,1
DA:324,1
DA:325,1
DA:326,1
DA:329,0
DA:330,0
DA:331,0
DA:334,0
DA:335,0
DA:339,0
DA:340,0
DA:343,0
DA:349,0
DA:359,0
DA:362,0
DA:370,0
DA:372,0
DA:373,0
DA:375,0
DA:376,0
DA:380,3
DA:381,1
DA:382,1
DA:383,1
DA:384,1
DA:385,0
DA:387,1
DA:388,0
DA:391,1
DA:406,1
DA:413,1
DA:415,0
DA:416,0
DA:420,3
LF:163
LH:59
BRDA:13,0,0,2
BRDA:13,0,1,3
BRDA:13,1,0,5
BRDA:13,1,1,3
BRDA:43,2,0,1
BRDA:43,2,1,1
BRDA:44,3,0,1
BRDA:44,3,1,0
BRDA:45,4,0,1
BRDA:45,4,1,0
BRDA:45,5,0,1
BRDA:45,5,1,1
BRDA:48,6,0,0
BRDA:48,6,1,1
BRDA:71,7,0,0
BRDA:71,7,1,0
BRDA:76,8,0,0
BRDA:76,8,1,0
BRDA:95,9,0,0
BRDA:95,9,1,0
BRDA:103,10,0,0
BRDA:103,10,1,0
BRDA:129,11,0,0
BRDA:129,11,1,2
BRDA:132,12,0,1
BRDA:132,12,1,1
BRDA:135,13,0,1
BRDA:135,13,1,0
BRDA:139,14,0,0
BRDA:139,14,1,0
BRDA:143,15,0,0
BRDA:143,15,1,0
BRDA:175,16,0,0
BRDA:175,16,1,0
BRDA:175,17,0,0
BRDA:175,17,1,0
BRDA:187,18,0,0
BRDA:187,18,1,0
BRDA:190,19,0,0
BRDA:190,19,1,0
BRDA:194,20,0,0
BRDA:194,20,1,0
BRDA:198,21,0,0
BRDA:198,21,1,0
BRDA:230,22,0,0
BRDA:230,22,1,0
BRDA:230,23,0,0
BRDA:230,23,1,0
BRDA:242,24,0,0
BRDA:242,24,1,1
BRDA:245,25,0,0
BRDA:245,25,1,1
BRDA:250,26,0,1
BRDA:250,26,1,0
BRDA:250,27,0,1
BRDA:250,27,1,1
BRDA:254,28,0,0
BRDA:254,28,1,0
BRDA:261,29,0,0
BRDA:261,29,1,0
BRDA:264,30,0,0
BRDA:264,30,1,0
BRDA:308,31,0,0
BRDA:308,31,1,0
BRDA:309,32,0,0
BRDA:309,32,1,0
BRDA:312,33,0,0
BRDA:312,33,1,0
BRDA:323,34,0,1
BRDA:323,34,1,0
BRDA:325,35,0,1
BRDA:325,35,1,0
BRDA:330,36,0,0
BRDA:330,36,1,0
BRDA:330,37,0,0
BRDA:330,37,1,0
BRDA:339,38,0,0
BRDA:339,38,1,0
BRDA:372,39,0,0
BRDA:372,39,1,0
BRDA:372,40,0,0
BRDA:372,40,1,0
BRDA:384,41,0,0
BRDA:384,41,1,1
BRDA:387,42,0,0
BRDA:387,42,1,1
BRF:86
BRH:24
end_of_record
TN:
SF:src\routes\auth.routes.js
FN:12,displayUsername
FN:23,isNonEmptyString
FN:27,isValidEmail
FN:32,isValidUsername
FN:40,validateRegisterBody
FN:66,validateLoginBody
FN:78,validateSetupAdminBody
FN:106,(anonymous_8)
FN:171,(anonymous_9)
FN:216,(anonymous_10)
FN:267,(anonymous_11)
FNF:11
FNH:9
FNDA:1,displayUsername
FNDA:11,isNonEmptyString
FNDA:4,isValidEmail
FNDA:2,isValidUsername
FNDA:3,validateRegisterBody
FNDA:2,validateLoginBody
FNDA:0,validateSetupAdminBody
FNDA:0,(anonymous_8)
FNDA:3,(anonymous_9)
FNDA:2,(anonymous_10)
FNDA:2,(anonymous_11)
DA:1,3
DA:2,3
DA:3,3
DA:4,3
DA:5,3
DA:7,3
DA:9,3
DA:13,1
DA:14,1
DA:16,0
DA:17,0
DA:18,0
DA:20,3
DA:21,3
DA:24,11
DA:28,4
DA:33,2
DA:34,2
DA:35,0
DA:37,2
DA:41,3
DA:42,3
DA:43,3
DA:44,3
DA:45,1
DA:47,2
DA:48,2
DA:49,0
DA:54,2
DA:55,0
DA:57,2
DA:58,0
DA:63,2
DA:67,2
DA:68,2
DA:69,2
DA:70,0
DA:72,2
DA:73,0
DA:75,2
DA:79,0
DA:80,0
DA:81,0
DA:82,0
DA:83,0
DA:84,0
DA:86,0
DA:87,0
DA:88,0
DA:93,0
DA:94,0
DA:96,0
DA:97,0
DA:102,0
DA:106,3
DA:107,0
DA:108,0
DA:109,0
DA:110,0
DA:113,0
DA:114,0
DA:115,0
DA:117,0
DA:118,0
DA:121,0
DA:125,0
DA:126,0
DA:129,0
DA:134,0
DA:135,0
DA:137,0
DA:138,0
DA:141,0
DA:142,0
DA:160,0
DA:165,0
DA:166,0
DA:171,3
DA:172,3
DA:173,3
DA:174,3
DA:175,1
DA:177,2
DA:179,2
DA:184,2
DA:185,1
DA:187,1
DA:188,0
DA:191,1
DA:193,1
DA:208,1
DA:210,0
DA:211,0
DA:216,3
DA:217,2
DA:218,2
DA:219,2
DA:220,0
DA:222,2
DA:224,2
DA:228,2
DA:229,1
DA:234,1
DA:236,1
DA:237,1
DA:241,0
DA:242,0
DA:245,0
DA:249,0
DA:261,0
DA:262,0
DA:267,3
DA:268,2
DA:269,2
DA:281,2
DA:282,1
DA:284,1
DA:289,0
DA:290,0
DA:294,3
LF:120
LH:63
BRDA:13,0,0,1
BRDA:13,0,1,0
BRDA:13,1,0,1
BRDA:13,1,1,1
BRDA:16,2,0,0
BRDA:16,2,1,0
BRDA:18,3,0,0
BRDA:18,3,1,0
BRDA:24,4,0,11
BRDA:24,4,1,11
BRDA:34,5,0,0
BRDA:34,5,1,2
BRDA:34,6,0,2
BRDA:34,6,1,2
BRDA:44,7,0,1
BRDA:44,7,1,2
BRDA:44,8,0,3
BRDA:44,8,1,2
BRDA:44,8,2,2
BRDA:48,9,0,0
BRDA:48,9,1,2
BRDA:54,10,0,0
BRDA:54,10,1,2
BRDA:57,11,0,0
BRDA:57,11,1,2
BRDA:69,12,0,0
BRDA:69,12,1,2
BRDA:69,13,0,2
BRDA:69,13,1,2
BRDA:72,14,0,0
BRDA:72,14,1,2
BRDA:83,15,0,0
BRDA:83,15,1,0
BRDA:83,16,0,0
BRDA:83,16,1,0
BRDA:83,16,2,0
BRDA:83,16,3,0
BRDA:87,17,0,0
BRDA:87,17,1,0
BRDA:93,18,0,0
BRDA:93,18,1,0
BRDA:96,19,0,0
BRDA:96,19,1,0
BRDA:109,20,0,0
BRDA:109,20,1,0
BRDA:114,21,0,0
BRDA:114,21,1,0
BRDA:117,22,0,0
BRDA:117,22,1,0
BRDA:125,23,0,0
BRDA:125,23,1,0
BRDA:134,24,0,0
BRDA:134,24,1,0
BRDA:137,25,0,0
BRDA:137,25,1,0
BRDA:174,26,0,1
BRDA:174,26,1,2
BRDA:184,27,0,1
BRDA:184,27,1,1
BRDA:187,28,0,0
BRDA:187,28,1,1
BRDA:219,29,0,0
BRDA:219,29,1,2
BRDA:228,30,0,1
BRDA:228,30,1,1
BRDA:236,31,0,1
BRDA:236,31,1,0
BRDA:241,32,0,0
BRDA:241,32,1,0
BRDA:281,33,0,1
BRDA:281,33,1,1
BRF:71
BRH:31
end_of_record
TN:
SF:src\routes\blackjack.routes.ts
FNF:0
FNH:0
DA:1,3
DA:2,3
DA:3,3
DA:5,3
DA:7,3
DA:8,3
DA:10,3
LF:7
LH:7
BRF:0
BRH:0
end_of_record
TN:
SF:src\utils\password.ts
FN:1,(anonymous_0)
FNF:1
FNH:1
FNDA:14,(anonymous_0)
DA:1,1
DA:2,14
DA:3,13
DA:4,12
DA:6,11
DA:7,11
DA:8,11
DA:9,11
DA:11,11
DA:13,2
DA:14,1
DA:15,9
DA:17,6
DA:18,3
DA:21,3
DA:24,4
LF:16
LH:16
BRDA:2,0,0,1
BRDA:2,0,1,13
BRDA:3,1,0,1
BRDA:3,1,1,12
BRDA:4,2,0,1
BRDA:4,2,1,11
BRDA:11,3,0,2
BRDA:11,3,1,9
BRDA:13,4,0,1
BRDA:13,4,1,1
BRDA:15,5,0,6
BRDA:15,5,1,3
BRDA:15,6,0,9
BRDA:15,6,1,9
BRDA:17,7,0,3
BRDA:17,7,1,3
BRDA:17,8,0,6
BRDA:17,8,1,5
BRDA:17,8,2,4
BRDA:18,9,0,1
BRDA:18,9,1,2
BRDA:21,10,0,1
BRDA:21,10,1,2
BRDA:21,11,0,3
BRDA:21,11,1,2
BRF:25
BRH:25
end_of_record
TN:
SF:src\utils\shipping.ts
FN:44,calculateShipping
FNF:1
FNH:1
FNDA:19,calculateShipping
DA:44,2
DA:50,19
DA:51,1
DA:54,18
DA:55,3
DA:59,15
DA:61,15
DA:62,6
DA:63,9
DA:64,6
DA:66,3
DA:70,15
DA:71,6
DA:75,15
DA:76,5
DA:79,15
LF:16
LH:16
BRDA:50,0,0,1
BRDA:50,0,1,18
BRDA:54,1,0,3
BRDA:54,1,1,15
BRDA:54,2,0,18
BRDA:54,2,1,16
BRDA:61,3,0,6
BRDA:61,3,1,9
BRDA:63,4,0,6
BRDA:63,4,1,3
BRDA:70,5,0,6
BRDA:70,5,1,9
BRDA:75,6,0,5
BRDA:75,6,1,10
BRF:14
BRH:14
end_of_record
TN:
SF:src\utils\userValidator.ts
FN:3,validateUserRegistration
FNF:1
FNH:1
FNDA:8,validateUserRegistration
DA:1,1
DA:3,1
DA:9,8
DA:10,1
DA:14,7
DA:15,1
DA:19,6
DA:20,2
DA:23,4
DA:24,2
DA:25,1
DA:27,1
DA:30,2
LF:13
LH:13
BRDA:9,0,0,1
BRDA:9,0,1,7
BRDA:14,1,0,1
BRDA:14,1,1,6
BRDA:19,2,0,2
BRDA:19,2,1,4
BRDA:19,3,0,6
BRDA:19,3,1,5
BRDA:23,4,0,2
BRDA:23,4,1,2
BRDA:24,5,0,1
BRDA:24,5,1,1
BRF:12
BRH:12
end_of_record
